<?xml version='1.0' encoding='UTF-8' ?>
<testsuite name="com.symantec.feature.management.CommandWebBridgeTest" tests="114" failures="0" errors="0" skipped="0" time="58.384" timestamp="2016-12-01T07:50:36" hostname="localhost">
  <properties>
    <property name="device" value="hudson_en-US_160_WXGA800_android-17_x86(AVD) - 4.2.2" />
    <property name="flavor" value="" />
    <property name="project" value="managementFeature" />
  </properties>
  <testcase name="testAddAndShiftPendingCommand" classname="com.symantec.feature.management.CommandWebBridgeTest" time="0.025" />
  <testcase name="testGenerateWebkitBridgeConf" classname="com.symantec.feature.management.CommandWebBridgeTest" time="0.0" />
  <testcase name="testSaveAndGetCommandInfo" classname="com.symantec.feature.management.CommandWebBridgeTest" time="0.025" />
  <testcase name="testAndroidTestCaseSetupProperly" classname="com.symantec.feature.management.CommandWebBridgeTest" time="0.001" />
  <testcase name="testAllMethods" classname="com.symantec.feature.management.LiveUpdateComponentInfoTest" time="0.0" />
  <testcase name="testAndroidTestCaseSetupProperly" classname="com.symantec.feature.management.LiveUpdateComponentInfoTest" time="0.0" />
  <testcase name="testBHBootstrapFailed" classname="com.symantec.feature.management.ManagementElementTest" time="0.075" />
  <testcase name="testBHBootstrapSuccess" classname="com.symantec.feature.management.ManagementElementTest" time="20.105" />
  <testcase name="testMachineName" classname="com.symantec.feature.management.ManagementElementTest" time="0.0" />
  <testcase name="test_getall_action" classname="com.symantec.feature.management.ManagementElementTest" time="0.025" />
  <testcase name="test_oxygenbind_action" classname="com.symantec.feature.management.ManagementElementTest" time="0.0" />
  <testcase name="test_unknown_action" classname="com.symantec.feature.management.ManagementElementTest" time="0.026" />
  <testcase name="testAndroidTestCaseSetupProperly" classname="com.symantec.feature.management.ManagementElementTest" time="0.0" />
  <testcase name="testClearSharedPrefrence" classname="com.symantec.feature.management.ServerInfoTest" time="0.0" />
  <testcase name="testConfigValues" classname="com.symantec.feature.management.ServerInfoTest" time="0.025" />
  <testcase name="testAndroidTestCaseSetupProperly" classname="com.symantec.feature.management.ServerInfoTest" time="0.0" />
  <testcase name="testFromJson" classname="com.symantec.feature.management.beachhead.BHBindResponseTest" time="0.0" />
  <testcase name="testAndroidTestCaseSetupProperly" classname="com.symantec.feature.management.beachhead.BHBindResponseTest" time="0.0" />
  <testcase name="testBHEndpointSerialization" classname="com.symantec.feature.management.beachhead.BHEndpointLogicTest" time="0.0" />
  <testcase name="testBindEndpoint_Failed" classname="com.symantec.feature.management.beachhead.BHEndpointLogicTest" time="0.051" />
  <testcase name="testBindEndpoint_Success" classname="com.symantec.feature.management.beachhead.BHEndpointLogicTest" time="0.025" />
  <testcase name="testUploadLUMetaDataOpstate" classname="com.symantec.feature.management.beachhead.BHEndpointLogicTest" time="0.05" />
  <testcase name="testUploadLastMalwareScanTimeOpstate" classname="com.symantec.feature.management.beachhead.BHEndpointLogicTest" time="0.051" />
  <testcase name="testUploadMalwareFoundOpstate" classname="com.symantec.feature.management.beachhead.BHEndpointLogicTest" time="0.1" />
  <testcase name="testUploadNMSVersionUpgradeOpstate" classname="com.symantec.feature.management.beachhead.BHEndpointLogicTest" time="0.076" />
  <testcase name="testclearBHEndpointData" classname="com.symantec.feature.management.beachhead.BHEndpointLogicTest" time="0.0" />
  <testcase name="testServiceTestCaseSetUpProperly" classname="com.symantec.feature.management.beachhead.BHEndpointLogicTest" time="0.0" />
  <testcase name="testAndroidTestCaseSetupProperly" classname="com.symantec.feature.management.beachhead.BHEndpointLogicTest" time="0.0" />
  <testcase name="testSendBHLuCompleteEvent" classname="com.symantec.feature.management.beachhead.BHEndpointProxyTest" time="0.0" />
  <testcase name="testSendBHMalwareFoundEvent" classname="com.symantec.feature.management.beachhead.BHEndpointProxyTest" time="0.0" />
  <testcase name="testSendBHMalwareRemoveEvent" classname="com.symantec.feature.management.beachhead.BHEndpointProxyTest" time="0.0" />
  <testcase name="testSendCachedBHEvent" classname="com.symantec.feature.management.beachhead.BHEndpointProxyTest" time="0.0" />
  <testcase name="testSendNMSUpgradeEvent" classname="com.symantec.feature.management.beachhead.BHEndpointProxyTest" time="0.0" />
  <testcase name="testSendPhWebsiteDetectedEvent" classname="com.symantec.feature.management.beachhead.BHEndpointProxyTest" time="0.0" />
  <testcase name="testSyncBHEvent" classname="com.symantec.feature.management.beachhead.BHEndpointProxyTest" time="0.0" />
  <testcase name="testSyncBHState" classname="com.symantec.feature.management.beachhead.BHEndpointProxyTest" time="0.0" />
  <testcase name="testUnbindEndpoint" classname="com.symantec.feature.management.beachhead.BHEndpointProxyTest" time="0.0" />
  <testcase name="testAndroidTestCaseSetupProperly" classname="com.symantec.feature.management.beachhead.BHEndpointProxyTest" time="0.0" />
  <testcase name="testChangeSendingStatus" classname="com.symantec.feature.management.beachhead.BHEventDbHelperTest" time="0.025" />
  <testcase name="testConvertEventEmpty" classname="com.symantec.feature.management.beachhead.BHEventDbHelperTest" time="0.0" />
  <testcase name="testConvertEventNotEmpty" classname="com.symantec.feature.management.beachhead.BHEventDbHelperTest" time="0.026" />
  <testcase name="testInsertEvent" classname="com.symantec.feature.management.beachhead.BHEventDbHelperTest" time="0.0" />
  <testcase name="testRemoveEventBaseOnRowId" classname="com.symantec.feature.management.beachhead.BHEventDbHelperTest" time="0.025" />
  <testcase name="testAndroidTestCaseSetupProperly" classname="com.symantec.feature.management.beachhead.BHEventDbHelperTest" time="0.0" />
  <testcase name="testBadRequestEvent" classname="com.symantec.feature.management.beachhead.BHEventUploaderTest" time="0.025" />
  <testcase name="testChangeMaxRetryInterval" classname="com.symantec.feature.management.beachhead.BHEventUploaderTest" time="11.042" />
  <testcase name="testInsertMultipleEvents" classname="com.symantec.feature.management.beachhead.BHEventUploaderTest" time="0.025" />
  <testcase name="testOnAppRestartNotSendCachedEvent" classname="com.symantec.feature.management.beachhead.BHEventUploaderTest" time="2.009" />
  <testcase name="testSendAllCachedEvents" classname="com.symantec.feature.management.beachhead.BHEventUploaderTest" time="2.035" />
  <testcase name="testServerErrorEvent" classname="com.symantec.feature.management.beachhead.BHEventUploaderTest" time="3.013" />
  <testcase name="testSingleNonScheduledEventInsert" classname="com.symantec.feature.management.beachhead.BHEventUploaderTest" time="0.0" />
  <testcase name="testSingleScheduledEventInsert" classname="com.symantec.feature.management.beachhead.BHEventUploaderTest" time="0.025" />
  <testcase name="testAndroidTestCaseSetupProperly" classname="com.symantec.feature.management.beachhead.BHEventUploaderTest" time="0.0" />
  <testcase name="testDisableUploadEvent" classname="com.symantec.feature.management.beachhead.BHNetworkTest" time="0.829" />
  <testcase name="testDisableUploadState" classname="com.symantec.feature.management.beachhead.BHNetworkTest" time="2.085" />
  <testcase name="testEnableUploadEvent" classname="com.symantec.feature.management.beachhead.BHNetworkTest" time="2.058" />
  <testcase name="testRefreshAccessTokenForUploadingEvent" classname="com.symantec.feature.management.beachhead.BHNetworkTest" time="2.159" />
  <testcase name="testRefreshAccessTokenForUploadingState" classname="com.symantec.feature.management.beachhead.BHNetworkTest" time="2.161" />
  <testcase name="testServiceTestCaseSetUpProperly" classname="com.symantec.feature.management.beachhead.BHNetworkTest" time="2.009" />
  <testcase name="testAndroidTestCaseSetupProperly" classname="com.symantec.feature.management.beachhead.BHNetworkTest" time="2.034" />
  <testcase name="testOnCreateResponseIgnoreActionIntent" classname="com.symantec.feature.management.command.ManagementActionResponserTest" time="0.025" />
  <testcase name="testOnCreateResponseViewSettingsActionIntent" classname="com.symantec.feature.management.command.ManagementActionResponserTest" time="0.025" />
  <testcase name="testgenerateMalwareEvent" classname="com.symantec.feature.management.event.MalwareEventTest" time="0.026" />
  <testcase name="testAndroidTestCaseSetupProperly" classname="com.symantec.feature.management.event.MalwareEventTest" time="0.0" />
  <testcase name="testScanSchedule" classname="com.symantec.feature.management.policy.PolicySettingsFactoryTest" time="0.0" />
  <testcase name="testScanSdcard" classname="com.symantec.feature.management.policy.PolicySettingsFactoryTest" time="0.0" />
  <testcase name="testSettingFactory" classname="com.symantec.feature.management.policy.PolicySettingsFactoryTest" time="0.0" />
  <testcase name="testWebProtection" classname="com.symantec.feature.management.policy.PolicySettingsFactoryTest" time="0.0" />
  <testcase name="testAndroidTestCaseSetupProperly" classname="com.symantec.feature.management.policy.PolicySettingsFactoryTest" time="0.0" />
  <testcase name="testApply" classname="com.symantec.feature.management.policy.PolicyTest" time="0.0" />
  <testcase name="testInvalidJsonFormat" classname="com.symantec.feature.management.policy.PolicyTest" time="0.0" />
  <testcase name="testParsePolicy" classname="com.symantec.feature.management.policy.PolicyTest" time="0.0" />
  <testcase name="testVaidate" classname="com.symantec.feature.management.policy.PolicyTest" time="0.0" />
  <testcase name="testAndroidTestCaseSetupProperly" classname="com.symantec.feature.management.policy.PolicyTest" time="0.0" />
  <testcase name="testSettingsAction" classname="com.symantec.feature.management.policy.SettingsElementTest" time="3.036" />
  <testcase name="testAndroidTestCaseSetupProperly" classname="com.symantec.feature.management.policy.SettingsElementTest" time="0.0" />
  <testcase name="testGetAllMalwareByList" classname="com.symantec.feature.management.threatstate.ThreatMonitorDBHelperTest" time="0.0" />
  <testcase name="testGetDisappearMalwareBySha2List" classname="com.symantec.feature.management.threatstate.ThreatMonitorDBHelperTest" time="0.025" />
  <testcase name="testGetMalwareCount" classname="com.symantec.feature.management.threatstate.ThreatMonitorDBHelperTest" time="0.0" />
  <testcase name="testGetMalwareInfoByPackageName" classname="com.symantec.feature.management.threatstate.ThreatMonitorDBHelperTest" time="0.025" />
  <testcase name="testInsertMalware" classname="com.symantec.feature.management.threatstate.ThreatMonitorDBHelperTest" time="0.0" />
  <testcase name="testMalwareWithSamePackageName" classname="com.symantec.feature.management.threatstate.ThreatMonitorDBHelperTest" time="0.026" />
  <testcase name="testRemoveMalware" classname="com.symantec.feature.management.threatstate.ThreatMonitorDBHelperTest" time="0.0" />
  <testcase name="testRemoveMalwaresNotInSha2List" classname="com.symantec.feature.management.threatstate.ThreatMonitorDBHelperTest" time="0.025" />
  <testcase name="test_1_DBUpgrade" classname="com.symantec.feature.management.threatstate.ThreatMonitorDBHelperTest" time="0.025" />
  <testcase name="testAndroidTestCaseSetupProperly" classname="com.symantec.feature.management.threatstate.ThreatMonitorDBHelperTest" time="0.0" />
  <testcase name="testCleanAllMalwares" classname="com.symantec.feature.management.threatstate.ThreatMonitorTest" time="0.076" />
  <testcase name="testDeviceScanFinished" classname="com.symantec.feature.management.threatstate.ThreatMonitorTest" time="1.229" />
  <testcase name="testGetMalwareInfos" classname="com.symantec.feature.management.threatstate.ThreatMonitorTest" time="0.0" />
  <testcase name="testMalwareFound" classname="com.symantec.feature.management.threatstate.ThreatMonitorTest" time="0.0" />
  <testcase name="testOnThreatScannerFoundMalware" classname="com.symantec.feature.management.threatstate.ThreatMonitorTest" time="0.0" />
  <testcase name="testPackageRemoved" classname="com.symantec.feature.management.threatstate.ThreatMonitorTest" time="0.0" />
  <testcase name="test_DeviceScanFinished_ScanResultsNotEmpty" classname="com.symantec.feature.management.threatstate.ThreatMonitorTest" time="0.0" />
  <testcase name="test_MalwareFound" classname="com.symantec.feature.management.threatstate.ThreatMonitorTest" time="0.0" />
  <testcase name="test_MalwareFound_With_VID_EMPTY" classname="com.symantec.feature.management.threatstate.ThreatMonitorTest" time="0.025" />
  <testcase name="testAndroidTestCaseSetupProperly" classname="com.symantec.feature.management.threatstate.ThreatMonitorTest" time="0.0" />
  <testcase name="testgenerateAppUpgradedEvent" classname="com.symantec.mobilesecurity.management.beachhead.BHEventAppUpgradedTest" time="0.0" />
  <testcase name="testAndroidTestCaseSetupProperly" classname="com.symantec.mobilesecurity.management.beachhead.BHEventAppUpgradedTest" time="0.0" />
  <testcase name="testgenerateLiveUpdateEvent" classname="com.symantec.mobilesecurity.management.beachhead.BHEventLUCompleteTest" time="0.0" />
  <testcase name="testAndroidTestCaseSetupProperly" classname="com.symantec.mobilesecurity.management.beachhead.BHEventLUCompleteTest" time="0.0" />
  <testcase name="testgenerateMalwareFoundEvent" classname="com.symantec.mobilesecurity.management.beachhead.BHEventMalwareEventTest" time="0.0" />
  <testcase name="testgenerateMalwareRemoveEvent" classname="com.symantec.mobilesecurity.management.beachhead.BHEventMalwareEventTest" time="0.0" />
  <testcase name="testAndroidTestCaseSetupProperly" classname="com.symantec.mobilesecurity.management.beachhead.BHEventMalwareEventTest" time="0.0" />
  <testcase name="testPhWebsiteDetectEvent1" classname="com.symantec.mobilesecurity.management.beachhead.BHEventPhWebsiteDetectedTest" time="0.025" />
  <testcase name="testPhWebsiteDetectEvent2" classname="com.symantec.mobilesecurity.management.beachhead.BHEventPhWebsiteDetectedTest" time="0.0" />
  <testcase name="testAndroidTestCaseSetupProperly" classname="com.symantec.mobilesecurity.management.beachhead.BHEventPhWebsiteDetectedTest" time="0.0" />
  <testcase name="testBHStateCache" classname="com.symantec.mobilesecurity.management.beachhead.BHStateTest" time="0.025" />
  <testcase name="testBHStateVersionCounter" classname="com.symantec.mobilesecurity.management.beachhead.BHStateTest" time="0.001" />
  <testcase name="testLastMalwareScanTime" classname="com.symantec.mobilesecurity.management.beachhead.BHStateTest" time="0.0" />
  <testcase name="testUpdateDeviceId" classname="com.symantec.mobilesecurity.management.beachhead.BHStateTest" time="0.0" />
  <testcase name="testUpdateLUMetaDataStates" classname="com.symantec.mobilesecurity.management.beachhead.BHStateTest" time="0.0" />
  <testcase name="testUpdateMalwareFoundStates" classname="com.symantec.mobilesecurity.management.beachhead.BHStateTest" time="0.025" />
  <testcase name="testUpdateMalwareFoundStatesWithCurrentMalwareData" classname="com.symantec.mobilesecurity.management.beachhead.BHStateTest" time="0.0" />
  <testcase name="testAndroidTestCaseSetupProperly" classname="com.symantec.mobilesecurity.management.beachhead.BHStateTest" time="0.0" />
</testsuite>