<?xml version='1.0' encoding='UTF-8' ?>
<testsuite name="com.symantec.feature.antimalware.AbstractMaliciousDialogTest" tests="137" failures="0" errors="0" skipped="0" time="167.182" timestamp="2016-12-09T20:47:15" hostname="localhost">
  <properties>
    <property name="device" value="hudson_en-US_240_768x1280_android-17_x86(AVD) - 4.2.2" />
    <property name="flavor" value="" />
    <property name="project" value="antimalwareFeature" />
  </properties>
  <testcase name="testGetRelativePath_goodPath_expectedRelativePath" classname="com.symantec.feature.antimalware.AbstractMaliciousDialogTest" time="0.553" />
  <testcase name="testGetRelativePath_nonSdCardPath_expectedFullPath" classname="com.symantec.feature.antimalware.AbstractMaliciousDialogTest" time="0.126" />
  <testcase name="testGetRelativePath_emptyPath_expectedNull" classname="com.symantec.feature.antimalware.AbstractMaliciousDialogTest" time="0.075" />
  <testcase name="testSetFilePath_expectedGetSameFilePath" classname="com.symantec.feature.antimalware.AbstractMaliciousDialogTest" time="0.076" />
  <testcase name="testOnActivityResult_BadRequestCode" classname="com.symantec.feature.antimalware.AbstractMaliciousDialogTest" time="0.05" />
  <testcase name="testRemoveFile_fileCanBeDeleted_expectedFileIsDeleted" classname="com.symantec.feature.antimalware.AbstractMaliciousDialogTest" time="0.201" />
  <testcase name="testOnActivityResult_WrongResultCode" classname="com.symantec.feature.antimalware.AbstractMaliciousDialogTest" time="0.075" />
  <testcase name="testSetNullFilePath_expectedGetNullFilePath" classname="com.symantec.feature.antimalware.AbstractMaliciousDialogTest" time="0.075" />
  <testcase name="testOnActivityResult_userSelectsWrongPath" classname="com.symantec.feature.antimalware.AbstractMaliciousDialogTest" time="0.075" />
  <testcase name="testGetRelativePath_nullPath_expectedNull" classname="com.symantec.feature.antimalware.AbstractMaliciousDialogTest" time="0.075" />
  <testcase name="testProcess" classname="com.symantec.feature.antimalware.AntimalwaraPackageChangeProcessorTest" time="9.186" />
  <testcase name="testAndroidTestCaseSetupProperly" classname="com.symantec.feature.antimalware.AntimalwaraPackageChangeProcessorTest" time="0.0" />
  <testcase name="testOnCreateDefaultActionIntent" classname="com.symantec.feature.antimalware.AntimalwareActionResponserTest" time="0.051" />
  <testcase name="testOnCreateNullActionIntent" classname="com.symantec.feature.antimalware.AntimalwareActionResponserTest" time="0.05" />
  <testcase name="testOnCreateNullIntent" classname="com.symantec.feature.antimalware.AntimalwareActionResponserTest" time="0.051" />
  <testcase name="testOnCreateUninstallActionIntent" classname="com.symantec.feature.antimalware.AntimalwareActionResponserTest" time="0.05" />
  <testcase name="testOnCreateViewActionIntent" classname="com.symantec.feature.antimalware.AntimalwareActionResponserTest" time="0.151" />
  <testcase name="testOnCreateViewActionIntentDefault" classname="com.symantec.feature.antimalware.AntimalwareActionResponserTest" time="0.101" />
  <testcase name="testOnCreateViewActionIntentInstalledMalicious" classname="com.symantec.feature.antimalware.AntimalwareActionResponserTest" time="0.15" />
  <testcase name="testOnHandleResponseViewSettingsActionIntent" classname="com.symantec.feature.antimalware.AntimalwareActionResponserTest" time="0.201" />
  <testcase name="testIsScanScheduleModifiable" classname="com.symantec.feature.antimalware.AntimalwareConfigurationTest" time="0.001" />
  <testcase name="testIsSdcardScanSwitchable" classname="com.symantec.feature.antimalware.AntimalwareConfigurationTest" time="0.0" />
  <testcase name="testUpdateScheduledScanUserSetting" classname="com.symantec.feature.antimalware.AntimalwareConfigurationTest" time="0.05" />
  <testcase name="testUpdateSdcardScanUserSetting" classname="com.symantec.feature.antimalware.AntimalwareConfigurationTest" time="0.025" />
  <testcase name="testAndroidTestCaseSetupProperly" classname="com.symantec.feature.antimalware.AntimalwareConfigurationTest" time="0.0" />
  <testcase name="test_AntimalwareDisabled" classname="com.symantec.feature.antimalware.AntimalwareEntryFragmentTest" time="4.144" />
  <testcase name="test_AntimalwareHidden" classname="com.symantec.feature.antimalware.AntimalwareEntryFragmentTest" time="4.095" />
  <testcase name="test_AntimalwareScanFinished" classname="com.symantec.feature.antimalware.AntimalwareEntryFragmentTest" time="4.068" />
  <testcase name="test_AntimalwareScanFinishedWithMalware" classname="com.symantec.feature.antimalware.AntimalwareEntryFragmentTest" time="4.119" />
  <testcase name="test_AntimalwareScanStopped" classname="com.symantec.feature.antimalware.AntimalwareEntryFragmentTest" time="4.089" />
  <testcase name="test_AntimalwareScanStopping" classname="com.symantec.feature.antimalware.AntimalwareEntryFragmentTest" time="4.088" />
  <testcase name="test_AntimalwareScanning" classname="com.symantec.feature.antimalware.AntimalwareEntryFragmentTest" time="4.093" />
  <testcase name="test_AntimalwareVisible" classname="com.symantec.feature.antimalware.AntimalwareEntryFragmentTest" time="2.061" />
  <testcase name="testMalwarefoundWithNonInstalledFileWithPermission" classname="com.symantec.feature.antimalware.AntimalwareFeatureMainFragmentAndroidMTest" time="4.219" />
  <testcase name="testMalwarefoundWithNonInstalledFileWithoutPermission" classname="com.symantec.feature.antimalware.AntimalwareFeatureMainFragmentAndroidMTest" time="4.142" />
  <testcase name="testLearnMoreBottomSheetLink" classname="com.symantec.feature.antimalware.AntimalwareFeatureMainFragmentTest" time="5.996" />
  <testcase name="testLearnMoreBottomSheetLinkNotVisible" classname="com.symantec.feature.antimalware.AntimalwareFeatureMainFragmentTest" time="5.194" />
  <testcase name="testLearnMoreBottomSheetLinkNotVisibleNonEnglish" classname="com.symantec.feature.antimalware.AntimalwareFeatureMainFragmentTest" time="7.652" />
  <testcase name="testMalwareFound" classname="com.symantec.feature.antimalware.AntimalwareFeatureMainFragmentTest" time="5.193" />
  <testcase name="testMalwarefoundWithInstalledApp" classname="com.symantec.feature.antimalware.AntimalwareFeatureMainFragmentTest" time="4.164" />
  <testcase name="testMalwarefoundWithInstalledNonSystemApp" classname="com.symantec.feature.antimalware.AntimalwareFeatureMainFragmentTest" time="4.166" />
  <testcase name="testMalwarefoundWithNonInstalledFile" classname="com.symantec.feature.antimalware.AntimalwareFeatureMainFragmentTest" time="4.164" />
  <testcase name="testScanBegin" classname="com.symantec.feature.antimalware.AntimalwareFeatureMainFragmentTest" time="4.166" />
  <testcase name="testScanStopped" classname="com.symantec.feature.antimalware.AntimalwareFeatureMainFragmentTest" time="4.142" />
  <testcase name="testScanfinished" classname="com.symantec.feature.antimalware.AntimalwareFeatureMainFragmentTest" time="4.217" />
  <testcase name="testStoppingScan" classname="com.symantec.feature.antimalware.AntimalwareFeatureMainFragmentTest" time="4.167" />
  <testcase name="testAndroidTestCaseSetupProperly" classname="com.symantec.feature.antimalware.MockitoAndroidTestCase" time="0.05" />
  <testcase name="testAntimalwareConfigChangeReceiver" classname="com.symantec.feature.antimalware.AntimalwareFeatureTest" time="0.0" />
  <testcase name="testGetFragmentInfo" classname="com.symantec.feature.antimalware.AntimalwareFeatureTest" time="0.0" />
  <testcase name="testHasFragmentInfo" classname="com.symantec.feature.antimalware.AntimalwareFeatureTest" time="0.0" />
  <testcase name="testLegacyPreferenceMigration" classname="com.symantec.feature.antimalware.AntimalwareFeatureTest" time="0.226" />
  <testcase name="testOnCreate" classname="com.symantec.feature.antimalware.AntimalwareFeatureTest" time="0.0" />
  <testcase name="testOnDestroy" classname="com.symantec.feature.antimalware.AntimalwareFeatureTest" time="0.0" />
  <testcase name="testPackageListener" classname="com.symantec.feature.antimalware.AntimalwareFeatureTest" time="0.0" />
  <testcase name="testScanOnSdCardMount" classname="com.symantec.feature.antimalware.AntimalwareFeatureTest" time="0.076" />
  <testcase name="testAndroidTestCaseSetupProperly" classname="com.symantec.feature.antimalware.AntimalwareFeatureTest" time="0.0" />
  <testcase name="testClosePermissionDialog" classname="com.symantec.feature.antimalware.AntimalwarePermissionRequiredDialogTest" time="1.304" />
  <testcase name="testGoToSettings" classname="com.symantec.feature.antimalware.AntimalwarePermissionRequiredDialogTest" time="2.405" />
  <testcase name="testGoToSettingsUI" classname="com.symantec.feature.antimalware.AntimalwarePermissionRequiredDialogTest" time="0.401" />
  <testcase name="testAntimalwareSettingsFragmentForExternalStoragePermissionGranted" classname="com.symantec.feature.antimalware.AntimalwareSettingsFragmentTest" time="4.168" />
  <testcase name="testAntimalwareSettingsFragmentForExternalStorageRequestPermissionDenied" classname="com.symantec.feature.antimalware.AntimalwareSettingsFragmentTest" time="2.06" />
  <testcase name="testAntimalwareSettingsFragmentForScanScheduleModifiableOff" classname="com.symantec.feature.antimalware.AntimalwareSettingsFragmentTest" time="2.084" />
  <testcase name="testAntimalwareSettingsFragmentForScanScheduleModifiableOn" classname="com.symantec.feature.antimalware.AntimalwareSettingsFragmentTest" time="2.058" />
  <testcase name="testAntimalwareSettingsFragmentForSdcardOff" classname="com.symantec.feature.antimalware.AntimalwareSettingsFragmentTest" time="2.061" />
  <testcase name="testAntimalwareSettingsFragmentForSdcardOn" classname="com.symantec.feature.antimalware.AntimalwareSettingsFragmentTest" time="2.084" />
  <testcase name="testAntimalwareSettingsFragmentForSdcardSwitchableOff" classname="com.symantec.feature.antimalware.AntimalwareSettingsFragmentTest" time="2.059" />
  <testcase name="testOnItemSelected" classname="com.symantec.feature.antimalware.AntimalwareSettingsFragmentTest" time="0.075" />
  <testcase name="testSdcardSwitchableOffStorageRequestPermissionDenied" classname="com.symantec.feature.antimalware.AntimalwareSettingsFragmentTest" time="2.083" />
  <testcase name="testSdcardSwitchableOffStorageRequestPermissionGranted" classname="com.symantec.feature.antimalware.AntimalwareSettingsFragmentTest" time="2.083" />
  <testcase name="testObjectNotNull" classname="com.symantec.feature.antimalware.AntimalwareUtilTest" time="0.0" />
  <testcase name="testAndroidTestCaseSetupProperly" classname="com.symantec.feature.antimalware.AntimalwareUtilTest" time="0.0" />
  <testcase name="testGetApkPackageInfo" classname="com.symantec.feature.antimalware.ApkPriorInstallationScanTest" time="0.703" />
  <testcase name="testGetApplicationPackageName" classname="com.symantec.feature.antimalware.ApkPriorInstallationScanTest" time="0.076" />
  <testcase name="testOnCreate" classname="com.symantec.feature.antimalware.ApkPriorInstallationScanTest" time="1.956" />
  <testcase name="testOnCreateView" classname="com.symantec.feature.antimalware.DashboardScanResultCircleFragmentTest" time="0.076" />
  <testcase name="testOnResume" classname="com.symantec.feature.antimalware.DashboardScanResultCircleFragmentTest" time="0.727" />
  <testcase name="testTestFragment" classname="com.symantec.feature.antimalware.HelpUIAntimalwareFragmentTest" time="0.051" />
  <testcase name="testCancelRemove" classname="com.symantec.feature.antimalware.MaliciousRemoveDialogTest" time="0.125" />
  <testcase name="testRemoveMalacious" classname="com.symantec.feature.antimalware.MaliciousRemoveDialogTest" time="0.201" />
  <testcase name="testCancelRemoveFileFlow" classname="com.symantec.feature.antimalware.MaliciousWarningDialogTest" time="0.176" />
  <testcase name="testCancelRemoveFileFlowForAPK" classname="com.symantec.feature.antimalware.MaliciousWarningDialogTest" time="0.201" />
  <testcase name="testLearnMoreLink" classname="com.symantec.feature.antimalware.MaliciousWarningDialogTest" time="0.226" />
  <testcase name="testLearnMoreLinkNotShownLO" classname="com.symantec.feature.antimalware.MaliciousWarningDialogTest" time="0.201" />
  <testcase name="testLearnMoreLinkNotShownNonEnglish" classname="com.symantec.feature.antimalware.MaliciousWarningDialogTest" time="0.201" />
  <testcase name="testLearnMoreLinkShownEnglish" classname="com.symantec.feature.antimalware.MaliciousWarningDialogTest" time="0.2" />
  <testcase name="testLearnMoreLinkShownLO" classname="com.symantec.feature.antimalware.MaliciousWarningDialogTest" time="0.201" />
  <testcase name="testMaliciousWarningDialogUI" classname="com.symantec.feature.antimalware.MaliciousWarningDialogTest" time="0.176" />
  <testcase name="testRemoveFileFlow" classname="com.symantec.feature.antimalware.MaliciousWarningDialogTest" time="0.201" />
  <testcase name="testCancelDialog" classname="com.symantec.feature.antimalware.MalwareFoundDialogTest" time="0.151" />
  <testcase name="testConfirmHintUI" classname="com.symantec.feature.antimalware.MalwareFoundDialogTest" time="0.151" />
  <testcase name="testLearnMoreLinkNotVisibleNonEnglish" classname="com.symantec.feature.antimalware.MalwareFoundDialogTest" time="0.15" />
  <testcase name="testPreconditions" classname="com.symantec.feature.antimalware.MalwareFoundDialogTest" time="0.201" />
  <testcase name="testUninstall" classname="com.symantec.feature.antimalware.MalwareFoundDialogTest" time="0.151" />
  <testcase name="testWarningDialogLearnMoreLink" classname="com.symantec.feature.antimalware.MalwareFoundDialogTest" time="0.176" />
  <testcase name="testWarningDialogLearnMoreLinkNotVisible" classname="com.symantec.feature.antimalware.MalwareFoundDialogTest" time="0.151" />
  <testcase name="testGetMalwareCount" classname="com.symantec.feature.antimalware.MalwareLoaderTest" time="0.0" />
  <testcase name="testIsPackageInstalled" classname="com.symantec.feature.antimalware.MalwareLoaderTest" time="0.0" />
  <testcase name="testloadInBackground" classname="com.symantec.feature.antimalware.MalwareLoaderTest" time="0.0" />
  <testcase name="testAndroidTestCaseSetupProperly" classname="com.symantec.feature.antimalware.MalwareLoaderTest" time="0.0" />
  <testcase name="testExplicitInstaller" classname="com.symantec.feature.antimalware.PackageInstallerTest" time="0.0" />
  <testcase name="testImplicitInstallMultipleNonSystemAppInstaller" classname="com.symantec.feature.antimalware.PackageInstallerTest" time="0.0" />
  <testcase name="testImplicitInstallNoSystemAppInstaller" classname="com.symantec.feature.antimalware.PackageInstallerTest" time="0.0" />
  <testcase name="testImplicitInstallWithExcludeMultiple" classname="com.symantec.feature.antimalware.PackageInstallerTest" time="0.0" />
  <testcase name="testImplicitInstallWithExcludeSingle" classname="com.symantec.feature.antimalware.PackageInstallerTest" time="0.0" />
  <testcase name="testImplicitInstallWithMixedApps" classname="com.symantec.feature.antimalware.PackageInstallerTest" time="0.0" />
  <testcase name="testImplicitInstallWithMultipleSystemAppAddedAscendingOrder" classname="com.symantec.feature.antimalware.PackageInstallerTest" time="0.0" />
  <testcase name="testImplicitInstallWithMultipleSystemAppAddedDescedingOrder" classname="com.symantec.feature.antimalware.PackageInstallerTest" time="0.001" />
  <testcase name="testImplicitInstallWithNull" classname="com.symantec.feature.antimalware.PackageInstallerTest" time="0.0" />
  <testcase name="testImplicitInstallWithSamePriorities" classname="com.symantec.feature.antimalware.PackageInstallerTest" time="0.05" />
  <testcase name="testImplicitInstallWithSingleSystemApp" classname="com.symantec.feature.antimalware.PackageInstallerTest" time="0.0" />
  <testcase name="testAndroidTestCaseSetupProperly" classname="com.symantec.feature.antimalware.PackageInstallerTest" time="0.0" />
  <testcase name="testSetScheduleScan" classname="com.symantec.feature.antimalware.ScanAlarmManagerTest" time="0.0" />
  <testcase name="testAndroidTestCaseSetupProperly" classname="com.symantec.feature.antimalware.ScanAlarmManagerTest" time="0.0" />
  <testcase name="testOnReceiveMethod" classname="com.symantec.feature.antimalware.ScanAlarmReceiverTest" time="0.602" />
  <testcase name="testOnReceiveMethodForLessBattery" classname="com.symantec.feature.antimalware.ScanAlarmReceiverTest" time="0.025" />
  <testcase name="testAndroidTestCaseSetupProperly" classname="com.symantec.feature.antimalware.ScanAlarmReceiverTest" time="0.0" />
  <testcase name="testCursorErrors" classname="com.symantec.feature.antimalware.ScanResultRetrieverTest" time="0.0" />
  <testcase name="testResultForId" classname="com.symantec.feature.antimalware.ScanResultRetrieverTest" time="0.0" />
  <testcase name="testResultForPackage" classname="com.symantec.feature.antimalware.ScanResultRetrieverTest" time="0.0" />
  <testcase name="testAndroidTestCaseSetupProperly" classname="com.symantec.feature.antimalware.ScanResultRetrieverTest" time="0.0" />
  <testcase name="testOnScanFinish" classname="com.symantec.feature.antimalware.ThreatScannerReceiverTest" time="0.0" />
  <testcase name="testScanStartedEvent" classname="com.symantec.feature.antimalware.ThreatScannerReceiverTest" time="2.007" />
  <testcase name="testScanStartedEventForBatchScanFinished" classname="com.symantec.feature.antimalware.ThreatScannerReceiverTest" time="2.01" />
  <testcase name="testScanStartedEventForBatchScanStopped" classname="com.symantec.feature.antimalware.ThreatScannerReceiverTest" time="2.008" />
  <testcase name="testScanStartedEventForLiveUpdateFinishedWithPatchNotOK" classname="com.symantec.feature.antimalware.ThreatScannerReceiverTest" time="2.12" />
  <testcase name="testScanStartedEventForLiveUpdateFinishedWithPatchOk" classname="com.symantec.feature.antimalware.ThreatScannerReceiverTest" time="1.907" />
  <testcase name="testScanStartedEventForMalaciousAppScanFinished" classname="com.symantec.feature.antimalware.ThreatScannerReceiverTest" time="2.007" />
  <testcase name="testScanStartedEventForRiskyAppScanFinished" classname="com.symantec.feature.antimalware.ThreatScannerReceiverTest" time="4.039" />
  <testcase name="testScanStartedEventForScanStateChanged" classname="com.symantec.feature.antimalware.ThreatScannerReceiverTest" time="1.985" />
  <testcase name="testScanStartedEventForScanThreatChanged" classname="com.symantec.feature.antimalware.ThreatScannerReceiverTest" time="2.034" />
  <testcase name="testScanStartedEventForSingleScanInstalledMalaciousApp" classname="com.symantec.feature.antimalware.ThreatScannerReceiverTest" time="4.992" />
  <testcase name="testScanStartedEventForSingleScanInstalledRiskyApp" classname="com.symantec.feature.antimalware.ThreatScannerReceiverTest" time="4.016" />
  <testcase name="testScanStartedEventForSingleScanNonInstalledMalaciousApp" classname="com.symantec.feature.antimalware.ThreatScannerReceiverTest" time="4.014" />
  <testcase name="testAndroidTestCaseSetupProperly" classname="com.symantec.feature.antimalware.ThreatScannerReceiverTest" time="0.001" />
  <testcase name="testStartMigrationNMS350" classname="com.symantec.feature.antimalware.TrustMigrationHelperTest" time="0.025" />
  <testcase name="testStartMigrationNMS350Previous" classname="com.symantec.feature.antimalware.TrustMigrationHelperTest" time="0.025" />
  <testcase name="testAndroidTestCaseSetupProperly" classname="com.symantec.feature.antimalware.TrustMigrationHelperTest" time="0.0" />
</testsuite>