<?xml version='1.0' encoding='UTF-8' ?>
<testsuite name="com.symantec.feature.management.CommandWebBridgeTest" tests="73" failures="1" errors="0" skipped="0" time="0.0" timestamp="2016-12-12T13:58:26" hostname="localhost">
  <properties>
    <property name="device" value="hudson_en-US_160_WXGA800_android-17_x86(AVD) - 4.2.2" />
    <property name="flavor" value="" />
    <property name="project" value="managementFeature" />
  </properties>
  <testcase name="testAddAndShiftPendingCommand" classname="com.symantec.feature.management.CommandWebBridgeTest" time="0.0" />
  <testcase name="testGenerateWebkitBridgeConf" classname="com.symantec.feature.management.CommandWebBridgeTest" time="0.025" />
  <testcase name="testSaveAndGetCommandInfo" classname="com.symantec.feature.management.CommandWebBridgeTest" time="0.0" />
  <testcase name="testAndroidTestCaseSetupProperly" classname="com.symantec.feature.management.CommandWebBridgeTest" time="0.0" />
  <testcase name="testBHBootstrapFailed" classname="com.symantec.feature.management.ManagementElementTest" time="0.075" />
  <testcase name="testBHBootstrapSuccess" classname="com.symantec.feature.management.ManagementElementTest" time="20.114" />
  <testcase name="testMachineName" classname="com.symantec.feature.management.ManagementElementTest" time="0.0" />
  <testcase name="test_getall_action" classname="com.symantec.feature.management.ManagementElementTest" time="0.001" />
  <testcase name="test_oxygenbind_action" classname="com.symantec.feature.management.ManagementElementTest" time="0.0" />
  <testcase name="test_unknown_action" classname="com.symantec.feature.management.ManagementElementTest" time="0.0" />
  <testcase name="testAndroidTestCaseSetupProperly" classname="com.symantec.feature.management.ManagementElementTest" time="0.0" />
  <testcase name="testClearSharedPrefrence" classname="com.symantec.feature.management.ServerInfoTest" time="0.0" />
  <testcase name="testConfigValues" classname="com.symantec.feature.management.ServerInfoTest" time="0.001" />
  <testcase name="testAndroidTestCaseSetupProperly" classname="com.symantec.feature.management.ServerInfoTest" time="0.0" />
  <testcase name="testFromJson" classname="com.symantec.feature.management.beachhead.BHBindResponseTest" time="0.0" />
  <testcase name="testAndroidTestCaseSetupProperly" classname="com.symantec.feature.management.beachhead.BHBindResponseTest" time="0.0" />
  <testcase name="testBHEndpointSerialization" classname="com.symantec.feature.management.beachhead.BHEndpointLogicTest" time="0.0" />
  <testcase name="testBindEndpoint_Failed" classname="com.symantec.feature.management.beachhead.BHEndpointLogicTest" time="0.0" />
  <testcase name="testBindEndpoint_Success" classname="com.symantec.feature.management.beachhead.BHEndpointLogicTest" time="0.05" />
  <testcase name="testUploadLUMetaDataOpstate" classname="com.symantec.feature.management.beachhead.BHEndpointLogicTest" time="0.076" />
  <testcase name="testUploadLastMalwareScanTimeOpstate" classname="com.symantec.feature.management.beachhead.BHEndpointLogicTest" time="0.1" />
  <testcase name="testUploadMalwareFoundOpstate" classname="com.symantec.feature.management.beachhead.BHEndpointLogicTest" time="0.101" />
  <testcase name="testUploadNMSVersionUpgradeOpstate" classname="com.symantec.feature.management.beachhead.BHEndpointLogicTest" time="0.075" />
  <testcase name="testclearBHEndpointData" classname="com.symantec.feature.management.beachhead.BHEndpointLogicTest" time="0.0" />
  <testcase name="testServiceTestCaseSetUpProperly" classname="com.symantec.feature.management.beachhead.BHEndpointLogicTest" time="0.0" />
  <testcase name="testAndroidTestCaseSetupProperly" classname="com.symantec.feature.management.beachhead.BHEndpointLogicTest" time="0.0" />
  <testcase name="testSendBHLuCompleteEvent" classname="com.symantec.feature.management.beachhead.BHEndpointProxyTest" time="0.0" />
  <testcase name="testSendBHMalwareFoundEvent" classname="com.symantec.feature.management.beachhead.BHEndpointProxyTest" time="0.025" />
  <testcase name="testSendBHMalwareRemoveEvent" classname="com.symantec.feature.management.beachhead.BHEndpointProxyTest" time="0.0" />
  <testcase name="testSendCachedBHEvent" classname="com.symantec.feature.management.beachhead.BHEndpointProxyTest" time="0.0" />
  <testcase name="testSendNMSUpgradeEvent" classname="com.symantec.feature.management.beachhead.BHEndpointProxyTest" time="0.0" />
  <testcase name="testSendPhWebsiteDetectedEvent" classname="com.symantec.feature.management.beachhead.BHEndpointProxyTest" time="0.025" />
  <testcase name="testSyncBHEvent" classname="com.symantec.feature.management.beachhead.BHEndpointProxyTest" time="0.0" />
  <testcase name="testSyncBHState" classname="com.symantec.feature.management.beachhead.BHEndpointProxyTest" time="0.0" />
  <testcase name="testUnbindEndpoint" classname="com.symantec.feature.management.beachhead.BHEndpointProxyTest" time="0.0" />
  <testcase name="testAndroidTestCaseSetupProperly" classname="com.symantec.feature.management.beachhead.BHEndpointProxyTest" time="0.0" />
  <testcase name="testChangeSendingStatus" classname="com.symantec.feature.management.beachhead.BHEventDbHelperTest" time="0.0" />
  <testcase name="testConvertEventEmpty" classname="com.symantec.feature.management.beachhead.BHEventDbHelperTest" time="0.0" />
  <testcase name="testConvertEventNotEmpty" classname="com.symantec.feature.management.beachhead.BHEventDbHelperTest" time="0.0" />
  <testcase name="testInsertEvent" classname="com.symantec.feature.management.beachhead.BHEventDbHelperTest" time="0.0" />
  <testcase name="testRemoveEventBaseOnRowId" classname="com.symantec.feature.management.beachhead.BHEventDbHelperTest" time="0.0" />
  <testcase name="testAndroidTestCaseSetupProperly" classname="com.symantec.feature.management.beachhead.BHEventDbHelperTest" time="0.0" />
  <testcase name="testBadRequestEvent" classname="com.symantec.feature.management.beachhead.BHEventUploaderTest" time="0.0" />
  <testcase name="testChangeMaxRetryInterval" classname="com.symantec.feature.management.beachhead.BHEventUploaderTest" time="11.049" />
  <testcase name="testInsertMultipleEvents" classname="com.symantec.feature.management.beachhead.BHEventUploaderTest" time="0.026" />
  <testcase name="testOnAppRestartNotSendCachedEvent" classname="com.symantec.feature.management.beachhead.BHEventUploaderTest" time="2.034" />
  <testcase name="testSendAllCachedEvents" classname="com.symantec.feature.management.beachhead.BHEventUploaderTest" time="2.031" />
  <testcase name="testServerErrorEvent" classname="com.symantec.feature.management.beachhead.BHEventUploaderTest" time="3.011" />
  <testcase name="testSingleNonScheduledEventInsert" classname="com.symantec.feature.management.beachhead.BHEventUploaderTest" time="0.0" />
  <testcase name="testSingleScheduledEventInsert" classname="com.symantec.feature.management.beachhead.BHEventUploaderTest" time="0.0" />
  <testcase name="testAndroidTestCaseSetupProperly" classname="com.symantec.feature.management.beachhead.BHEventUploaderTest" time="0.0" />
  <testcase name="testDisableUploadEvent" classname="com.symantec.feature.management.beachhead.BHNetworkTest" time="2.06" />
  <testcase name="testDisableUploadState" classname="com.symantec.feature.management.beachhead.BHNetworkTest" time="2.059" />
  <testcase name="testEnableUploadEvent" classname="com.symantec.feature.management.beachhead.BHNetworkTest" time="2.058" />
  <testcase name="testRefreshAccessTokenForUploadingEvent" classname="com.symantec.feature.management.beachhead.BHNetworkTest" time="2.132" />
  <testcase name="testRefreshAccessTokenForUploadingState" classname="com.symantec.feature.management.beachhead.BHNetworkTest" time="2.182" />
  <testcase name="testServiceTestCaseSetUpProperly" classname="com.symantec.feature.management.beachhead.BHNetworkTest" time="2.009" />
  <testcase name="testAndroidTestCaseSetupProperly" classname="com.symantec.feature.management.beachhead.BHNetworkTest" time="2.031" />
  <testcase name="testOnCreateResponseIgnoreActionIntent" classname="com.symantec.feature.management.command.ManagementActionResponserTest" time="0.05" />
  <testcase name="testOnCreateResponseViewSettingsActionIntent" classname="com.symantec.feature.management.command.ManagementActionResponserTest" time="0.025" />
  <testcase name="testgenerateMalwareEvent" classname="com.symantec.feature.management.event.MalwareEventTest" time="0.0" />
  <testcase name="testAndroidTestCaseSetupProperly" classname="com.symantec.feature.management.event.MalwareEventTest" time="0.0" />
  <testcase name="testScanSchedule" classname="com.symantec.feature.management.policy.PolicySettingsFactoryTest" time="0.026" />
  <testcase name="testScanSdcard" classname="com.symantec.feature.management.policy.PolicySettingsFactoryTest" time="0.0" />
  <testcase name="testSettingFactory" classname="com.symantec.feature.management.policy.PolicySettingsFactoryTest" time="0.0" />
  <testcase name="testWebProtection" classname="com.symantec.feature.management.policy.PolicySettingsFactoryTest" time="0.0" />
  <testcase name="testAndroidTestCaseSetupProperly" classname="com.symantec.feature.management.policy.PolicySettingsFactoryTest" time="0.0" />
  <testcase name="testApply" classname="com.symantec.feature.management.policy.PolicyTest" time="0.0" />
  <testcase name="testInvalidJsonFormat" classname="com.symantec.feature.management.policy.PolicyTest" time="0.025" />
  <testcase name="testParsePolicy" classname="com.symantec.feature.management.policy.PolicyTest" time="0.0" />
  <testcase name="testVaidate" classname="com.symantec.feature.management.policy.PolicyTest" time="0.025" />
  <testcase name="testAndroidTestCaseSetupProperly" classname="com.symantec.feature.management.policy.PolicyTest" time="0.0" />
  <testcase name="testSettingsAction" classname="com.symantec.feature.management.policy.SettingsElementTest" time="3.014">
    <failure>junit.framework.AssertionFailedError
at junit.framework.Assert.fail(Assert.java:48)
at junit.framework.Assert.fail(Assert.java:56)
at com.symantec.feature.management.policy.SettingsElementTest$3.run(SettingsElementTest.java:114)
at android.os.Handler.handleCallback(Handler.java:725)
at android.os.Handler.dispatchMessage(Handler.java:92)
at android.os.Looper.loop(Looper.java:137)
at android.app.ActivityThread.main(ActivityThread.java:5041)
at java.lang.reflect.Method.invokeNative(Native Method)
at java.lang.reflect.Method.invoke(Method.java:511)
at com.android.internal.os.ZygoteInit$MethodAndArgsCaller.run(ZygoteInit.java:793)
at com.android.internal.os.ZygoteInit.main(ZygoteInit.java:560)
at dalvik.system.NativeStart.main(Native Method)
</failure>
  </testcase>
</testsuite>