<?xml version='1.0' encoding='UTF-8' ?>
<testsuite name="com.symantec.feature.antimalware.AbstractMaliciousDialogTest" tests="137" failures="1" errors="0" skipped="0" time="166.312" timestamp="2016-12-08T22:41:52" hostname="localhost">
  <properties>
    <property name="device" value="hudson_en-US_240_768x1280_android-17_x86(AVD) - 4.2.2" />
    <property name="flavor" value="" />
    <property name="project" value="antimalwareFeature" />
  </properties>
  <testcase name="testGetRelativePath_goodPath_expectedRelativePath" classname="com.symantec.feature.antimalware.AbstractMaliciousDialogTest" time="0.552" />
  <testcase name="testGetRelativePath_nonSdCardPath_expectedFullPath" classname="com.symantec.feature.antimalware.AbstractMaliciousDialogTest" time="0.076" />
  <testcase name="testGetRelativePath_emptyPath_expectedNull" classname="com.symantec.feature.antimalware.AbstractMaliciousDialogTest" time="0.125" />
  <testcase name="testSetFilePath_expectedGetSameFilePath" classname="com.symantec.feature.antimalware.AbstractMaliciousDialogTest" time="0.125" />
  <testcase name="testOnActivityResult_BadRequestCode" classname="com.symantec.feature.antimalware.AbstractMaliciousDialogTest" time="0.05" />
  <testcase name="testRemoveFile_fileCanBeDeleted_expectedFileIsDeleted" classname="com.symantec.feature.antimalware.AbstractMaliciousDialogTest" time="0.076" />
  <testcase name="testOnActivityResult_WrongResultCode" classname="com.symantec.feature.antimalware.AbstractMaliciousDialogTest" time="0.176" />
  <testcase name="testSetNullFilePath_expectedGetNullFilePath" classname="com.symantec.feature.antimalware.AbstractMaliciousDialogTest" time="0.125" />
  <testcase name="testOnActivityResult_userSelectsWrongPath" classname="com.symantec.feature.antimalware.AbstractMaliciousDialogTest" time="0.076" />
  <testcase name="testGetRelativePath_nullPath_expectedNull" classname="com.symantec.feature.antimalware.AbstractMaliciousDialogTest" time="0.151" />
  <testcase name="testProcess" classname="com.symantec.feature.antimalware.AntimalwaraPackageChangeProcessorTest" time="9.286" />
  <testcase name="testAndroidTestCaseSetupProperly" classname="com.symantec.feature.antimalware.AntimalwaraPackageChangeProcessorTest" time="0.0" />
  <testcase name="testOnCreateDefaultActionIntent" classname="com.symantec.feature.antimalware.AntimalwareActionResponserTest" time="0.051" />
  <testcase name="testOnCreateNullActionIntent" classname="com.symantec.feature.antimalware.AntimalwareActionResponserTest" time="0.05" />
  <testcase name="testOnCreateNullIntent" classname="com.symantec.feature.antimalware.AntimalwareActionResponserTest" time="0.05" />
  <testcase name="testOnCreateUninstallActionIntent" classname="com.symantec.feature.antimalware.AntimalwareActionResponserTest" time="0.076" />
  <testcase name="testOnCreateViewActionIntent" classname="com.symantec.feature.antimalware.AntimalwareActionResponserTest" time="0.15" />
  <testcase name="testOnCreateViewActionIntentDefault" classname="com.symantec.feature.antimalware.AntimalwareActionResponserTest" time="0.075" />
  <testcase name="testOnCreateViewActionIntentInstalledMalicious" classname="com.symantec.feature.antimalware.AntimalwareActionResponserTest" time="0.151" />
  <testcase name="testOnHandleResponseViewSettingsActionIntent" classname="com.symantec.feature.antimalware.AntimalwareActionResponserTest" time="0.251" />
  <testcase name="testIsScanScheduleModifiable" classname="com.symantec.feature.antimalware.AntimalwareConfigurationTest" time="0.0" />
  <testcase name="testIsSdcardScanSwitchable" classname="com.symantec.feature.antimalware.AntimalwareConfigurationTest" time="0.026" />
  <testcase name="testUpdateScheduledScanUserSetting" classname="com.symantec.feature.antimalware.AntimalwareConfigurationTest" time="0.025" />
  <testcase name="testUpdateSdcardScanUserSetting" classname="com.symantec.feature.antimalware.AntimalwareConfigurationTest" time="0.025" />
  <testcase name="testAndroidTestCaseSetupProperly" classname="com.symantec.feature.antimalware.AntimalwareConfigurationTest" time="0.0" />
  <testcase name="test_AntimalwareDisabled" classname="com.symantec.feature.antimalware.AntimalwareEntryFragmentTest" time="4.12" />
  <testcase name="test_AntimalwareHidden" classname="com.symantec.feature.antimalware.AntimalwareEntryFragmentTest" time="4.07" />
  <testcase name="test_AntimalwareScanFinished" classname="com.symantec.feature.antimalware.AntimalwareEntryFragmentTest" time="4.095" />
  <testcase name="test_AntimalwareScanFinishedWithMalware" classname="com.symantec.feature.antimalware.AntimalwareEntryFragmentTest" time="4.12" />
  <testcase name="test_AntimalwareScanStopped" classname="com.symantec.feature.antimalware.AntimalwareEntryFragmentTest" time="4.095" />
  <testcase name="test_AntimalwareScanStopping" classname="com.symantec.feature.antimalware.AntimalwareEntryFragmentTest" time="4.095" />
  <testcase name="test_AntimalwareScanning" classname="com.symantec.feature.antimalware.AntimalwareEntryFragmentTest" time="4.094" />
  <testcase name="test_AntimalwareVisible" classname="com.symantec.feature.antimalware.AntimalwareEntryFragmentTest" time="2.085" />
  <testcase name="testMalwarefoundWithNonInstalledFileWithPermission" classname="com.symantec.feature.antimalware.AntimalwareFeatureMainFragmentAndroidMTest" time="4.196" />
  <testcase name="testMalwarefoundWithNonInstalledFileWithoutPermission" classname="com.symantec.feature.antimalware.AntimalwareFeatureMainFragmentAndroidMTest" time="4.193" />
  <testcase name="testLearnMoreBottomSheetLink" classname="com.symantec.feature.antimalware.AntimalwareFeatureMainFragmentTest" time="5.222" />
  <testcase name="testLearnMoreBottomSheetLinkNotVisible" classname="com.symantec.feature.antimalware.AntimalwareFeatureMainFragmentTest" time="5.172" />
  <testcase name="testLearnMoreBottomSheetLinkNotVisibleNonEnglish" classname="com.symantec.feature.antimalware.AntimalwareFeatureMainFragmentTest" time="5.248" />
  <testcase name="testMalwareFound" classname="com.symantec.feature.antimalware.AntimalwareFeatureMainFragmentTest" time="5.197" />
  <testcase name="testMalwarefoundWithInstalledApp" classname="com.symantec.feature.antimalware.AntimalwareFeatureMainFragmentTest" time="4.142" />
  <testcase name="testMalwarefoundWithInstalledNonSystemApp" classname="com.symantec.feature.antimalware.AntimalwareFeatureMainFragmentTest" time="4.167" />
  <testcase name="testMalwarefoundWithNonInstalledFile" classname="com.symantec.feature.antimalware.AntimalwareFeatureMainFragmentTest" time="4.218" />
  <testcase name="testScanBegin" classname="com.symantec.feature.antimalware.AntimalwareFeatureMainFragmentTest" time="4.143" />
  <testcase name="testScanStopped" classname="com.symantec.feature.antimalware.AntimalwareFeatureMainFragmentTest" time="4.167" />
  <testcase name="testScanfinished" classname="com.symantec.feature.antimalware.AntimalwareFeatureMainFragmentTest" time="4.168" />
  <testcase name="testStoppingScan" classname="com.symantec.feature.antimalware.AntimalwareFeatureMainFragmentTest" time="2.787" />
  <testcase name="testAndroidTestCaseSetupProperly" classname="com.symantec.feature.antimalware.MockitoAndroidTestCase" time="0.025" />
  <testcase name="testAntimalwareConfigChangeReceiver" classname="com.symantec.feature.antimalware.AntimalwareFeatureTest" time="0.026" />
  <testcase name="testGetFragmentInfo" classname="com.symantec.feature.antimalware.AntimalwareFeatureTest" time="0.0" />
  <testcase name="testHasFragmentInfo" classname="com.symantec.feature.antimalware.AntimalwareFeatureTest" time="0.0" />
  <testcase name="testLegacyPreferenceMigration" classname="com.symantec.feature.antimalware.AntimalwareFeatureTest" time="0.251" />
  <testcase name="testOnCreate" classname="com.symantec.feature.antimalware.AntimalwareFeatureTest" time="0.0" />
  <testcase name="testOnDestroy" classname="com.symantec.feature.antimalware.AntimalwareFeatureTest" time="0.0" />
  <testcase name="testPackageListener" classname="com.symantec.feature.antimalware.AntimalwareFeatureTest" time="0.0" />
  <testcase name="testScanOnSdCardMount" classname="com.symantec.feature.antimalware.AntimalwareFeatureTest" time="0.075" />
  <testcase name="testAndroidTestCaseSetupProperly" classname="com.symantec.feature.antimalware.AntimalwareFeatureTest" time="0.0" />
  <testcase name="testClosePermissionDialog" classname="com.symantec.feature.antimalware.AntimalwarePermissionRequiredDialogTest" time="1.456" />
  <testcase name="testGoToSettings" classname="com.symantec.feature.antimalware.AntimalwarePermissionRequiredDialogTest" time="1.354" />
  <testcase name="testGoToSettingsUI" classname="com.symantec.feature.antimalware.AntimalwarePermissionRequiredDialogTest" time="0.526" />
  <testcase name="testAntimalwareSettingsFragmentForExternalStoragePermissionGranted" classname="com.symantec.feature.antimalware.AntimalwareSettingsFragmentTest" time="4.317" />
  <testcase name="testAntimalwareSettingsFragmentForExternalStorageRequestPermissionDenied" classname="com.symantec.feature.antimalware.AntimalwareSettingsFragmentTest" time="2.06" />
  <testcase name="testAntimalwareSettingsFragmentForScanScheduleModifiableOff" classname="com.symantec.feature.antimalware.AntimalwareSettingsFragmentTest" time="2.06" />
  <testcase name="testAntimalwareSettingsFragmentForScanScheduleModifiableOn" classname="com.symantec.feature.antimalware.AntimalwareSettingsFragmentTest" time="2.06" />
  <testcase name="testAntimalwareSettingsFragmentForSdcardOff" classname="com.symantec.feature.antimalware.AntimalwareSettingsFragmentTest" time="2.06" />
  <testcase name="testAntimalwareSettingsFragmentForSdcardOn" classname="com.symantec.feature.antimalware.AntimalwareSettingsFragmentTest" time="2.085" />
  <testcase name="testAntimalwareSettingsFragmentForSdcardSwitchableOff" classname="com.symantec.feature.antimalware.AntimalwareSettingsFragmentTest" time="2.061" />
  <testcase name="testOnItemSelected" classname="com.symantec.feature.antimalware.AntimalwareSettingsFragmentTest" time="0.075" />
  <testcase name="testSdcardSwitchableOffStorageRequestPermissionDenied" classname="com.symantec.feature.antimalware.AntimalwareSettingsFragmentTest" time="2.086" />
  <testcase name="testSdcardSwitchableOffStorageRequestPermissionGranted" classname="com.symantec.feature.antimalware.AntimalwareSettingsFragmentTest" time="2.085" />
  <testcase name="testObjectNotNull" classname="com.symantec.feature.antimalware.AntimalwareUtilTest" time="0.0" />
  <testcase name="testAndroidTestCaseSetupProperly" classname="com.symantec.feature.antimalware.AntimalwareUtilTest" time="0.0" />
  <testcase name="testGetApkPackageInfo" classname="com.symantec.feature.antimalware.ApkPriorInstallationScanTest" time="0.753" />
  <testcase name="testGetApplicationPackageName" classname="com.symantec.feature.antimalware.ApkPriorInstallationScanTest" time="0.075" />
  <testcase name="testOnCreate" classname="com.symantec.feature.antimalware.ApkPriorInstallationScanTest" time="0.251">
    <failure>java.lang.IllegalStateException: No activity
at android.app.FragmentManagerImpl.moveToState(FragmentManager.java:1044)
at android.app.FragmentManagerImpl.moveToState(FragmentManager.java:1039)
at android.app.FragmentManagerImpl.dispatchCreate(FragmentManager.java:1835)
at android.app.Activity.onCreate(Activity.java:896)
at com.symantec.feature.antimalware.ApkPriorInstallationScan.onCreate(ApkPriorInstallationScan.java:48)
at com.symantec.feature.antimalware.ApkPriorInstallationScanTest.testOnCreate(ApkPriorInstallationScanTest.java:177)
at java.lang.reflect.Method.invokeNative(Native Method)
at java.lang.reflect.Method.invoke(Method.java:511)
at android.test.InstrumentationTestCase.runMethod(InstrumentationTestCase.java:214)
at android.test.InstrumentationTestCase.access$000(InstrumentationTestCase.java:36)
at android.test.InstrumentationTestCase$2.run(InstrumentationTestCase.java:189)
at android.app.Instrumentation$SyncRunnable.run(Instrumentation.java:1679)
at android.os.Handler.handleCallback(Handler.java:725)
at android.os.Handler.dispatchMessage(Handler.java:92)
at android.os.Looper.loop(Looper.java:137)
at android.app.ActivityThread.main(ActivityThread.java:5041)
at java.lang.reflect.Method.invokeNative(Native Method)
at java.lang.reflect.Method.invoke(Method.java:511)
at com.android.internal.os.ZygoteInit$MethodAndArgsCaller.run(ZygoteInit.java:793)
at com.android.internal.os.ZygoteInit.main(ZygoteInit.java:560)
at dalvik.system.NativeStart.main(Native Method)
</failure>
  </testcase>
  <testcase name="testOnCreateView" classname="com.symantec.feature.antimalware.DashboardScanResultCircleFragmentTest" time="0.051" />
  <testcase name="testOnResume" classname="com.symantec.feature.antimalware.DashboardScanResultCircleFragmentTest" time="0.577" />
  <testcase name="testTestFragment" classname="com.symantec.feature.antimalware.HelpUIAntimalwareFragmentTest" time="0.075" />
  <testcase name="testCancelRemove" classname="com.symantec.feature.antimalware.MaliciousRemoveDialogTest" time="0.201" />
  <testcase name="testRemoveMalacious" classname="com.symantec.feature.antimalware.MaliciousRemoveDialogTest" time="0.176" />
  <testcase name="testCancelRemoveFileFlow" classname="com.symantec.feature.antimalware.MaliciousWarningDialogTest" time="0.201" />
  <testcase name="testCancelRemoveFileFlowForAPK" classname="com.symantec.feature.antimalware.MaliciousWarningDialogTest" time="0.176" />
  <testcase name="testLearnMoreLink" classname="com.symantec.feature.antimalware.MaliciousWarningDialogTest" time="0.175" />
  <testcase name="testLearnMoreLinkNotShownLO" classname="com.symantec.feature.antimalware.MaliciousWarningDialogTest" time="0.175" />
  <testcase name="testLearnMoreLinkNotShownNonEnglish" classname="com.symantec.feature.antimalware.MaliciousWarningDialogTest" time="0.176" />
  <testcase name="testLearnMoreLinkShownEnglish" classname="com.symantec.feature.antimalware.MaliciousWarningDialogTest" time="0.176" />
  <testcase name="testLearnMoreLinkShownLO" classname="com.symantec.feature.antimalware.MaliciousWarningDialogTest" time="0.176" />
  <testcase name="testMaliciousWarningDialogUI" classname="com.symantec.feature.antimalware.MaliciousWarningDialogTest" time="0.15" />
  <testcase name="testRemoveFileFlow" classname="com.symantec.feature.antimalware.MaliciousWarningDialogTest" time="0.176" />
  <testcase name="testCancelDialog" classname="com.symantec.feature.antimalware.MalwareFoundDialogTest" time="0.176" />
  <testcase name="testConfirmHintUI" classname="com.symantec.feature.antimalware.MalwareFoundDialogTest" time="0.126" />
  <testcase name="testLearnMoreLinkNotVisibleNonEnglish" classname="com.symantec.feature.antimalware.MalwareFoundDialogTest" time="0.175" />
  <testcase name="testPreconditions" classname="com.symantec.feature.antimalware.MalwareFoundDialogTest" time="0.15" />
  <testcase name="testUninstall" classname="com.symantec.feature.antimalware.MalwareFoundDialogTest" time="0.176" />
  <testcase name="testWarningDialogLearnMoreLink" classname="com.symantec.feature.antimalware.MalwareFoundDialogTest" time="0.176" />
  <testcase name="testWarningDialogLearnMoreLinkNotVisible" classname="com.symantec.feature.antimalware.MalwareFoundDialogTest" time="0.176" />
  <testcase name="testGetMalwareCount" classname="com.symantec.feature.antimalware.MalwareLoaderTest" time="0.025" />
  <testcase name="testIsPackageInstalled" classname="com.symantec.feature.antimalware.MalwareLoaderTest" time="0.0" />
  <testcase name="testloadInBackground" classname="com.symantec.feature.antimalware.MalwareLoaderTest" time="0.0" />
  <testcase name="testAndroidTestCaseSetupProperly" classname="com.symantec.feature.antimalware.MalwareLoaderTest" time="0.025" />
  <testcase name="testExplicitInstaller" classname="com.symantec.feature.antimalware.PackageInstallerTest" time="0.0" />
  <testcase name="testImplicitInstallMultipleNonSystemAppInstaller" classname="com.symantec.feature.antimalware.PackageInstallerTest" time="0.0" />
  <testcase name="testImplicitInstallNoSystemAppInstaller" classname="com.symantec.feature.antimalware.PackageInstallerTest" time="0.0" />
  <testcase name="testImplicitInstallWithExcludeMultiple" classname="com.symantec.feature.antimalware.PackageInstallerTest" time="0.0" />
  <testcase name="testImplicitInstallWithExcludeSingle" classname="com.symantec.feature.antimalware.PackageInstallerTest" time="0.0" />
  <testcase name="testImplicitInstallWithMixedApps" classname="com.symantec.feature.antimalware.PackageInstallerTest" time="0.0" />
  <testcase name="testImplicitInstallWithMultipleSystemAppAddedAscendingOrder" classname="com.symantec.feature.antimalware.PackageInstallerTest" time="0.0" />
  <testcase name="testImplicitInstallWithMultipleSystemAppAddedDescedingOrder" classname="com.symantec.feature.antimalware.PackageInstallerTest" time="0.025" />
  <testcase name="testImplicitInstallWithNull" classname="com.symantec.feature.antimalware.PackageInstallerTest" time="0.0" />
  <testcase name="testImplicitInstallWithSamePriorities" classname="com.symantec.feature.antimalware.PackageInstallerTest" time="0.0" />
  <testcase name="testImplicitInstallWithSingleSystemApp" classname="com.symantec.feature.antimalware.PackageInstallerTest" time="0.0" />
  <testcase name="testAndroidTestCaseSetupProperly" classname="com.symantec.feature.antimalware.PackageInstallerTest" time="0.0" />
  <testcase name="testSetScheduleScan" classname="com.symantec.feature.antimalware.ScanAlarmManagerTest" time="0.0" />
  <testcase name="testAndroidTestCaseSetupProperly" classname="com.symantec.feature.antimalware.ScanAlarmManagerTest" time="0.0" />
  <testcase name="testOnReceiveMethod" classname="com.symantec.feature.antimalware.ScanAlarmReceiverTest" time="0.552" />
  <testcase name="testOnReceiveMethodForLessBattery" classname="com.symantec.feature.antimalware.ScanAlarmReceiverTest" time="0.025" />
  <testcase name="testAndroidTestCaseSetupProperly" classname="com.symantec.feature.antimalware.ScanAlarmReceiverTest" time="0.0" />
  <testcase name="testCursorErrors" classname="com.symantec.feature.antimalware.ScanResultRetrieverTest" time="0.0" />
  <testcase name="testResultForId" classname="com.symantec.feature.antimalware.ScanResultRetrieverTest" time="0.0" />
  <testcase name="testResultForPackage" classname="com.symantec.feature.antimalware.ScanResultRetrieverTest" time="0.0" />
  <testcase name="testAndroidTestCaseSetupProperly" classname="com.symantec.feature.antimalware.ScanResultRetrieverTest" time="0.0" />
  <testcase name="testOnScanFinish" classname="com.symantec.feature.antimalware.ThreatScannerReceiverTest" time="0.0" />
  <testcase name="testScanStartedEvent" classname="com.symantec.feature.antimalware.ThreatScannerReceiverTest" time="2.132" />
  <testcase name="testScanStartedEventForBatchScanFinished" classname="com.symantec.feature.antimalware.ThreatScannerReceiverTest" time="2.009" />
  <testcase name="testScanStartedEventForBatchScanStopped" classname="com.symantec.feature.antimalware.ThreatScannerReceiverTest" time="2.009" />
  <testcase name="testScanStartedEventForLiveUpdateFinishedWithPatchNotOK" classname="com.symantec.feature.antimalware.ThreatScannerReceiverTest" time="2.01" />
  <testcase name="testScanStartedEventForLiveUpdateFinishedWithPatchOk" classname="com.symantec.feature.antimalware.ThreatScannerReceiverTest" time="2.01" />
  <testcase name="testScanStartedEventForMalaciousAppScanFinished" classname="com.symantec.feature.antimalware.ThreatScannerReceiverTest" time="2.035" />
  <testcase name="testScanStartedEventForRiskyAppScanFinished" classname="com.symantec.feature.antimalware.ThreatScannerReceiverTest" time="4.018" />
  <testcase name="testScanStartedEventForScanStateChanged" classname="com.symantec.feature.antimalware.ThreatScannerReceiverTest" time="2.01" />
  <testcase name="testScanStartedEventForScanThreatChanged" classname="com.symantec.feature.antimalware.ThreatScannerReceiverTest" time="2.009" />
  <testcase name="testScanStartedEventForSingleScanInstalledMalaciousApp" classname="com.symantec.feature.antimalware.ThreatScannerReceiverTest" time="4.999" />
  <testcase name="testScanStartedEventForSingleScanInstalledRiskyApp" classname="com.symantec.feature.antimalware.ThreatScannerReceiverTest" time="4.018" />
  <testcase name="testScanStartedEventForSingleScanNonInstalledMalaciousApp" classname="com.symantec.feature.antimalware.ThreatScannerReceiverTest" time="4.019" />
  <testcase name="testAndroidTestCaseSetupProperly" classname="com.symantec.feature.antimalware.ThreatScannerReceiverTest" time="0.0" />
  <testcase name="testStartMigrationNMS350" classname="com.symantec.feature.antimalware.TrustMigrationHelperTest" time="0.0" />
  <testcase name="testStartMigrationNMS350Previous" classname="com.symantec.feature.antimalware.TrustMigrationHelperTest" time="0.026" />
  <testcase name="testAndroidTestCaseSetupProperly" classname="com.symantec.feature.antimalware.TrustMigrationHelperTest" time="0.0" />
</testsuite>