<?xml version='1.0' encoding='UTF-8' ?>
<testsuite name="com.symantec.feature.psl.AccountTest" tests="1" failures="1" errors="0" skipped="0" time="0.0" timestamp="2016-12-01T14:41:48" hostname="localhost">
  <properties>
    <property name="device" value="hudson_en-US_240_768x1280_android-21_x86(AVD) - 5.0.2" />
    <property name="flavor" value="" />
    <property name="project" value="mobileSecuritySdk" />
  </properties>
  <testcase name="testGetStWhileNotLoggedIn_expectNoSsoGetStCall" classname="com.symantec.feature.psl.AccountTest" time="0.05">
    <failure>com.symantec.maf.ce.MAFCEIllegalArgumentException: Illegal argument
at com.symantec.maf.ce.MAFCEMonitor.register(MAFCEMonitor.java:163)
at com.symantec.feature.psl.PSL.init(PSL.java:34)
at com.symantec.feature.psl.TestUtils$1.run(TestUtils.java:42)
at android.os.Handler.handleCallback(Handler.java:739)
at android.os.Handler.dispatchMessage(Handler.java:95)
at android.os.Looper.loop(Looper.java:135)
at android.app.ActivityThread.main(ActivityThread.java:5221)
at java.lang.reflect.Method.invoke(Native Method)
at java.lang.reflect.Method.invoke(Method.java:372)
at com.android.internal.os.ZygoteInit$MethodAndArgsCaller.run(ZygoteInit.java:899)
at com.android.internal.os.ZygoteInit.main(ZygoteInit.java:694)
</failure>
  </testcase>
</testsuite>