<?xml version='1.0' encoding='UTF-8' ?>
<testsuite name="com.symantec.feature.psl.AccountTest" tests="322" failures="0" errors="0" skipped="0" time="284.745" timestamp="2016-12-12T13:48:01" hostname="localhost">
  <properties>
    <property name="device" value="hudson_en-US_240_768x1280_android-21_x86(AVD) - 5.0.2" />
    <property name="flavor" value="" />
    <property name="project" value="mobileSecuritySdk" />
  </properties>
  <testcase name="testGetStWhileNotLoggedIn_expectNoSsoGetStCall" classname="com.symantec.feature.psl.AccountTest" time="0.101" />
  <testcase name="testGetStWithEmptyLlt_expectNoSsoGetStCall" classname="com.symantec.feature.psl.AccountTest" time="0.0" />
  <testcase name="testGetStWithExpiredLlt_401ReceivedOnlyOnce" classname="com.symantec.feature.psl.AccountTest" time="0.101" />
  <testcase name="testGetStWithExpiredLlt_expectNoSsoGetStCall" classname="com.symantec.feature.psl.AccountTest" time="0.0" />
  <testcase name="test_extent_llt_expired" classname="com.symantec.feature.psl.AccountTest" time="0.025" />
  <testcase name="test_extent_llt_success" classname="com.symantec.feature.psl.AccountTest" time="0.0" />
  <testcase name="test_getSt_with_empty_llt" classname="com.symantec.feature.psl.AccountTest" time="0.0" />
  <testcase name="test_getSt_with_llt_sso_return_failure" classname="com.symantec.feature.psl.AccountTest" time="0.0" />
  <testcase name="test_getSt_with_llt_sso_return_null" classname="com.symantec.feature.psl.AccountTest" time="0.051" />
  <testcase name="test_getSt_with_llt_sso_return_success" classname="com.symantec.feature.psl.AccountTest" time="1.984" />
  <testcase name="test_getSt_with_llt_sso_throw_exception" classname="com.symantec.feature.psl.AccountTest" time="0.026" />
  <testcase name="test_licenseChanged_loggedin_different_account" classname="com.symantec.feature.psl.AccountTest" time="0.025" />
  <testcase name="test_licenseChanged_loggedin_same_account" classname="com.symantec.feature.psl.AccountTest" time="0.0" />
  <testcase name="test_licenseChanged_not_loggedin" classname="com.symantec.feature.psl.AccountTest" time="0.0" />
  <testcase name="test_license_change_dispatched" classname="com.symantec.feature.psl.AccountTest" time="0.151" />
  <testcase name="test_network_connected_dispatched" classname="com.symantec.feature.psl.AccountTest" time="0.0" />
  <testcase name="test_network_connected_extent_llt_expired" classname="com.symantec.feature.psl.AccountTest" time="0.0" />
  <testcase name="test_network_connected_extent_llt_success" classname="com.symantec.feature.psl.AccountTest" time="5.02" />
  <testcase name="test_new_login" classname="com.symantec.feature.psl.AccountTest" time="0.0" />
  <testcase name="test_new_logout" classname="com.symantec.feature.psl.AccountTest" time="0.001" />
  <testcase name="test_re_login_different_guid" classname="com.symantec.feature.psl.AccountTest" time="0.0" />
  <testcase name="test_re_login_same_guid" classname="com.symantec.feature.psl.AccountTest" time="0.025" />
  <testcase name="testAndroidTestCaseSetupProperly" classname="com.symantec.feature.psl.AccountTest" time="0.0" />
  <testcase name="test_ActivateIfOtherAsyncTaskRunning" classname="com.symantec.feature.psl.ActionHubTest" time="10.089" />
  <testcase name="test_SyncIfOtherAsyncTaskRunning" classname="com.symantec.feature.psl.ActionHubTest" time="10.532" />
  <testcase name="test_activateCallbackonMainThread" classname="com.symantec.feature.psl.ActionHubTest" time="4.566" />
  <testcase name="test_activateCallingOnBackgroundThread" classname="com.symantec.feature.psl.ActionHubTest" time="0.0" />
  <testcase name="test_activateConnectTokenEmpty" classname="com.symantec.feature.psl.ActionHubTest" time="0.025" />
  <testcase name="test_activateConnectTokenNull" classname="com.symantec.feature.psl.ActionHubTest" time="0.0" />
  <testcase name="test_activateNormal" classname="com.symantec.feature.psl.ActionHubTest" time="5.042" />
  <testcase name="test_activateSASFail" classname="com.symantec.feature.psl.ActionHubTest" time="5.067" />
  <testcase name="test_checkRenewStatusFail" classname="com.symantec.feature.psl.ActionHubTest" time="5.067" />
  <testcase name="test_checkRenewStatusNormal" classname="com.symantec.feature.psl.ActionHubTest" time="5.068" />
  <testcase name="test_purchaseCallingIfNoIabPermission" classname="com.symantec.feature.psl.ActionHubTest" time="0.0" />
  <testcase name="test_purchaseCallingOnBackgroundThread" classname="com.symantec.feature.psl.ActionHubTest" time="0.0" />
  <testcase name="test_purchase_no_llt" classname="com.symantec.feature.psl.ActionHubTest" time="0.0" />
  <testcase name="test_reAuth_logged_in" classname="com.symantec.feature.psl.ActionHubTest" time="0.025" />
  <testcase name="test_reAuth_login_expire" classname="com.symantec.feature.psl.ActionHubTest" time="0.0" />
  <testcase name="test_reAuth_not_logged_in" classname="com.symantec.feature.psl.ActionHubTest" time="0.0" />
  <testcase name="test_startCCForOnboardingNotRequired" classname="com.symantec.feature.psl.ActionHubTest" time="0.026" />
  <testcase name="test_startCCForOnboardingRequired" classname="com.symantec.feature.psl.ActionHubTest" time="0.0" />
  <testcase name="test_startPortalOnBackgroundThread" classname="com.symantec.feature.psl.ActionHubTest" time="0.0" />
  <testcase name="test_startPortal_AutoLogin_HaveSt" classname="com.symantec.feature.psl.ActionHubTest" time="0.025" />
  <testcase name="test_startPortal_AutoLogin_NoSt" classname="com.symantec.feature.psl.ActionHubTest" time="0.0" />
  <testcase name="test_startPortal_EmptyUrl" classname="com.symantec.feature.psl.ActionHubTest" time="0.025" />
  <testcase name="test_startPortal_NoAutoLogin" classname="com.symantec.feature.psl.ActionHubTest" time="0.0" />
  <testcase name="test_syncCallbackonMainThread" classname="com.symantec.feature.psl.ActionHubTest" time="5.569" />
  <testcase name="test_syncCallingOnBackgroundThread" classname="com.symantec.feature.psl.ActionHubTest" time="0.0" />
  <testcase name="test_syncNormal" classname="com.symantec.feature.psl.ActionHubTest" time="5.601" />
  <testcase name="test_syncSASFail" classname="com.symantec.feature.psl.ActionHubTest" time="4.519" />
  <testcase name="test_unifiedTrialForNonFreemium" classname="com.symantec.feature.psl.ActionHubTest" time="0.0" />
  <testcase name="test_unifiedTrialNormal" classname="com.symantec.feature.psl.ActionHubTest" time="0.0" />
  <testcase name="testAndroidTestCaseSetupProperly" classname="com.symantec.feature.psl.ActionHubTest" time="0.05" />
  <testcase name="test_clearPolicy" classname="com.symantec.feature.psl.AntiMalwareConfigTest" time="0.026" />
  <testcase name="test_freshConfig" classname="com.symantec.feature.psl.AntiMalwareConfigTest" time="0.0" />
  <testcase name="test_getFeatureStatus" classname="com.symantec.feature.psl.AntiMalwareConfigTest" time="0.0" />
  <testcase name="test_handleStateChange_FeatueStatus_NotChanged" classname="com.symantec.feature.psl.AntiMalwareConfigTest" time="1.029" />
  <testcase name="test_handleStateChange_FeatureStatus" classname="com.symantec.feature.psl.AntiMalwareConfigTest" time="0.0" />
  <testcase name="test_handleStateChange_FeatureStatus_Policy_Both" classname="com.symantec.feature.psl.AntiMalwareConfigTest" time="0.0" />
  <testcase name="test_handleStateChange_Policy" classname="com.symantec.feature.psl.AntiMalwareConfigTest" time="0.0" />
  <testcase name="test_schedulePolicy" classname="com.symantec.feature.psl.AntiMalwareConfigTest" time="1.03" />
  <testcase name="test_sdPolicy" classname="com.symantec.feature.psl.AntiMalwareConfigTest" time="2.033" />
  <testcase name="testAndroidTestCaseSetupProperly" classname="com.symantec.feature.psl.AntiMalwareConfigTest" time="0.0" />
  <testcase name="test_getFeatureStatus" classname="com.symantec.feature.psl.AntiTheftConfigTest" time="0.025" />
  <testcase name="testAndroidTestCaseSetupProperly" classname="com.symantec.feature.psl.AntiTheftConfigTest" time="0.0" />
  <testcase name="test_getFeatureStatus" classname="com.symantec.feature.psl.AppAdvisiorConfigTest" time="0.0" />
  <testcase name="testAndroidTestCaseSetupProperly" classname="com.symantec.feature.psl.AppAdvisiorConfigTest" time="0.0" />
  <testcase name="test_getFeatureStatus" classname="com.symantec.feature.psl.BackupConfigTest" time="0.0" />
  <testcase name="testAndroidTestCaseSetupProperly" classname="com.symantec.feature.psl.BackupConfigTest" time="0.0" />
  <testcase name="testBrandingUpdater_InvalidContentUrl" classname="com.symantec.feature.psl.BrandingUpdaterTest" time="1.681" />
  <testcase name="testBrandingUpdater_UpdateWhenBrandingResourceAlreayUptodate" classname="com.symantec.feature.psl.BrandingUpdaterTest" time="0.076" />
  <testcase name="testBrandingUpdater_ValidContentUrl" classname="com.symantec.feature.psl.BrandingUpdaterTest" time="0.025" />
  <testcase name="testAndroidTestCaseSetupProperly" classname="com.symantec.feature.psl.BrandingUpdaterTest" time="0.0" />
  <testcase name="test_JobProcessor_activation_fail" classname="com.symantec.feature.psl.CCSilentServiceTest" time="0.0" />
  <testcase name="test_JobProcessor_activation_o2_fail" classname="com.symantec.feature.psl.CCSilentServiceTest" time="0.0" />
  <testcase name="test_JobProcessor_activation_success" classname="com.symantec.feature.psl.CCSilentServiceTest" time="0.0" />
  <testcase name="test_JobProcessor_cleanup_required" classname="com.symantec.feature.psl.CCSilentServiceTest" time="0.0" />
  <testcase name="test_JobProcessor_cleanup_unrequired" classname="com.symantec.feature.psl.CCSilentServiceTest" time="0.0" />
  <testcase name="test_JobProcessor_empty_jobs" classname="com.symantec.feature.psl.CCSilentServiceTest" time="0.051" />
  <testcase name="test_JobProcessor_null_jobs" classname="com.symantec.feature.psl.CCSilentServiceTest" time="0.0" />
  <testcase name="test_JobProcessor_o2_fail" classname="com.symantec.feature.psl.CCSilentServiceTest" time="0.0" />
  <testcase name="test_JobProcessor_o2_success" classname="com.symantec.feature.psl.CCSilentServiceTest" time="0.0" />
  <testcase name="test_JobProcessor_unsupported_required_jobs" classname="com.symantec.feature.psl.CCSilentServiceTest" time="0.0" />
  <testcase name="test_JobProcessor_unsupported_unrequired_jobs" classname="com.symantec.feature.psl.CCSilentServiceTest" time="0.0" />
  <testcase name="test_RequestBuilder_activate_action_error" classname="com.symantec.feature.psl.CCSilentServiceTest" time="0.0" />
  <testcase name="test_RequestBuilder_activate_maf_unavailable" classname="com.symantec.feature.psl.CCSilentServiceTest" time="0.0" />
  <testcase name="test_RequestBuilder_activate_success" classname="com.symantec.feature.psl.CCSilentServiceTest" time="0.0" />
  <testcase name="test_RequestBuilder_activate_timeout" classname="com.symantec.feature.psl.CCSilentServiceTest" time="0.05" />
  <testcase name="test_RequestBuilder_unknown_action" classname="com.symantec.feature.psl.CCSilentServiceTest" time="0.0" />
  <testcase name="test_RequestBuilder_upgrade_action_error" classname="com.symantec.feature.psl.CCSilentServiceTest" time="0.0" />
  <testcase name="test_RequestBuilder_upgrade_maf_unavailable" classname="com.symantec.feature.psl.CCSilentServiceTest" time="0.0" />
  <testcase name="test_RequestBuilder_upgrade_success" classname="com.symantec.feature.psl.CCSilentServiceTest" time="0.0" />
  <testcase name="test_RequestBuilder_upgrade_timeout" classname="com.symantec.feature.psl.CCSilentServiceTest" time="0.0" />
  <testcase name="testAndroidTestCaseSetupProperly" classname="com.symantec.feature.psl.CCSilentServiceTest" time="0.0" />
  <testcase name="test_getFeatureStatus" classname="com.symantec.feature.psl.CallBlockingConfigTest" time="0.0" />
  <testcase name="testAndroidTestCaseSetupProperly" classname="com.symantec.feature.psl.CallBlockingConfigTest" time="0.0" />
  <testcase name="test_startCC_with_cckey" classname="com.symantec.feature.psl.CloudConnectClientTest" time="0.026" />
  <testcase name="test_startCC_with_empty_cckey_fresh_install_state" classname="com.symantec.feature.psl.CloudConnectClientTest" time="0.075" />
  <testcase name="test_startCC_with_empty_cckey_in_cancel_state" classname="com.symantec.feature.psl.CloudConnectClientTest" time="0.1" />
  <testcase name="test_startCC_with_empty_cckey_in_expired_state" classname="com.symantec.feature.psl.CloudConnectClientTest" time="0.076" />
  <testcase name="test_startCC_with_empty_cckey_in_freemium_state_logged_in" classname="com.symantec.feature.psl.CloudConnectClientTest" time="0.1" />
  <testcase name="test_startCC_with_empty_cckey_in_freemium_state_not_logged_in" classname="com.symantec.feature.psl.CloudConnectClientTest" time="0.0" />
  <testcase name="test_startCC_with_empty_cckey_in_fremium_state_login_expired" classname="com.symantec.feature.psl.CloudConnectClientTest" time="0.076" />
  <testcase name="test_startCC_with_empty_cckey_in_premium_state_logged_in" classname="com.symantec.feature.psl.CloudConnectClientTest" time="0.477" />
  <testcase name="test_startCC_with_empty_cckey_in_premium_state_login_expired" classname="com.symantec.feature.psl.CloudConnectClientTest" time="0.075" />
  <testcase name="test_startCC_with_empty_cckey_in_premium_state_not_login" classname="com.symantec.feature.psl.CloudConnectClientTest" time="0.076" />
  <testcase name="test_startCC_with_empty_cckey_in_trial_state_logged_in" classname="com.symantec.feature.psl.CloudConnectClientTest" time="0.075" />
  <testcase name="test_startCC_with_empty_cckey_in_trial_state_login_expired" classname="com.symantec.feature.psl.CloudConnectClientTest" time="0.051" />
  <testcase name="test_startCC_with_empty_cckey_in_trial_state_not_logged_in" classname="com.symantec.feature.psl.CloudConnectClientTest" time="0.051" />
  <testcase name="testAndroidTestCaseSetupProperly" classname="com.symantec.feature.psl.CloudConnectClientTest" time="0.075" />
  <testcase name="testAndroidTestCaseSetupProperly" classname="com.symantec.feature.psl.ConfigBaseTest" time="0.025" />
  <testcase name="test_GetEverything" classname="com.symantec.feature.psl.ConfigTest" time="0.0" />
  <testcase name="testAndroidTestCaseSetupProperly" classname="com.symantec.feature.psl.ConfigTest" time="0.0" />
  <testcase name="test_CanceledSeat" classname="com.symantec.feature.psl.DashboardMessagesHandlerTest" time="0.0" />
  <testcase name="test_CanceledSubscription" classname="com.symantec.feature.psl.DashboardMessagesHandlerTest" time="0.0" />
  <testcase name="test_DashboardModelParcelable" classname="com.symantec.feature.psl.DashboardMessagesHandlerTest" time="0.001" />
  <testcase name="test_ExpiredLicenseNotShowWarning" classname="com.symantec.feature.psl.DashboardMessagesHandlerTest" time="0.0" />
  <testcase name="test_ExpiredLicenseShowWarning" classname="com.symantec.feature.psl.DashboardMessagesHandlerTest" time="0.025" />
  <testcase name="test_ExpiredProvisionalLicense" classname="com.symantec.feature.psl.DashboardMessagesHandlerTest" time="0.0" />
  <testcase name="test_ExpiringProvisionalLicense" classname="com.symantec.feature.psl.DashboardMessagesHandlerTest" time="0.0" />
  <testcase name="test_FLUDead" classname="com.symantec.feature.psl.DashboardMessagesHandlerTest" time="0.025" />
  <testcase name="test_FLUOK" classname="com.symantec.feature.psl.DashboardMessagesHandlerTest" time="0.0" />
  <testcase name="test_FLUWarning" classname="com.symantec.feature.psl.DashboardMessagesHandlerTest" time="0.0" />
  <testcase name="test_FreemiumLicense" classname="com.symantec.feature.psl.DashboardMessagesHandlerTest" time="0.0" />
  <testcase name="test_FreshInstalled" classname="com.symantec.feature.psl.DashboardMessagesHandlerTest" time="0.001" />
  <testcase name="test_LicenseConfigDaysisNull" classname="com.symantec.feature.psl.DashboardMessagesHandlerTest" time="0.0" />
  <testcase name="test_PremiumExpiringLicense" classname="com.symantec.feature.psl.DashboardMessagesHandlerTest" time="0.025" />
  <testcase name="test_PremiumExpiringLicenseSuppressSubWarning" classname="com.symantec.feature.psl.DashboardMessagesHandlerTest" time="0.025" />
  <testcase name="test_PremiumNotRenewLicense" classname="com.symantec.feature.psl.DashboardMessagesHandlerTest" time="0.001" />
  <testcase name="test_PremiumPerpetualLicense" classname="com.symantec.feature.psl.DashboardMessagesHandlerTest" time="0.0" />
  <testcase name="test_SyncExpiredLicense" classname="com.symantec.feature.psl.DashboardMessagesHandlerTest" time="0.0" />
  <testcase name="test_TrialExpiringLicense" classname="com.symantec.feature.psl.DashboardMessagesHandlerTest" time="0.0" />
  <testcase name="test_TrialNotRenewLicense" classname="com.symantec.feature.psl.DashboardMessagesHandlerTest" time="0.0" />
  <testcase name="test_getDashboardAction" classname="com.symantec.feature.psl.DashboardMessagesHandlerTest" time="0.0" />
  <testcase name="test_handleLicenseChanged" classname="com.symantec.feature.psl.DashboardMessagesHandlerTest" time="0.025" />
  <testcase name="testAndroidTestCaseSetupProperly" classname="com.symantec.feature.psl.DashboardMessagesHandlerTest" time="0.0" />
  <testcase name="test_handleFreeFeaturesNotificationCancelled" classname="com.symantec.feature.psl.FreeFeaturesNotificationHandlerTest" time="3.036" />
  <testcase name="test_handleFreeFeaturesNotificationExpiredMorphingAbsentUS" classname="com.symantec.feature.psl.FreeFeaturesNotificationHandlerTest" time="3.036" />
  <testcase name="test_handleFreeFeaturesNotificationExpiredMorphingPresentNonUS" classname="com.symantec.feature.psl.FreeFeaturesNotificationHandlerTest" time="1.004" />
  <testcase name="test_handleFreeFeaturesNotificationExpiredMorphingPresentUS" classname="com.symantec.feature.psl.FreeFeaturesNotificationHandlerTest" time="1.028" />
  <testcase name="test_handleFreeFeaturesNotificationFreemium" classname="com.symantec.feature.psl.FreeFeaturesNotificationHandlerTest" time="3.037" />
  <testcase name="test_handleFreeFeaturesNotificationFreshInstalledInUS" classname="com.symantec.feature.psl.FreeFeaturesNotificationHandlerTest" time="1.004" />
  <testcase name="test_handleFreeFeaturesNotificationFreshInstalledNonUS" classname="com.symantec.feature.psl.FreeFeaturesNotificationHandlerTest" time="1.029" />
  <testcase name="test_handleFreeFeaturesNotificationPremium" classname="com.symantec.feature.psl.FreeFeaturesNotificationHandlerTest" time="3.01" />
  <testcase name="test_handleFreeFeaturesNotificationTrial" classname="com.symantec.feature.psl.FreeFeaturesNotificationHandlerTest" time="3.035" />
  <testcase name="testAndroidTestCaseSetupProperly" classname="com.symantec.feature.psl.FreeFeaturesNotificationHandlerTest" time="0.0" />
  <testcase name="test_purchaseAlreadyOwnedProductNotPresent" classname="com.symantec.feature.psl.GooglePurchaseTest" time="3.166" />
  <testcase name="test_purchaseAlreadyOwnedSunnyDay" classname="com.symantec.feature.psl.GooglePurchaseTest" time="5.126" />
  <testcase name="test_purchaseBillingServiceUnavailable" classname="com.symantec.feature.psl.GooglePurchaseTest" time="2.032" />
  <testcase name="test_purchaseCancelled" classname="com.symantec.feature.psl.GooglePurchaseTest" time="2.039" />
  <testcase name="test_purchaseFailed" classname="com.symantec.feature.psl.GooglePurchaseTest" time="2.04" />
  <testcase name="test_purchaseFailingIfAnotherRunning" classname="com.symantec.feature.psl.GooglePurchaseTest" time="7.533" />
  <testcase name="test_purchaseItemUnavailable" classname="com.symantec.feature.psl.GooglePurchaseTest" time="2.056" />
  <testcase name="test_purchaseNoGIAB" classname="com.symantec.feature.psl.GooglePurchaseTest" time="1.004" />
  <testcase name="test_purchaseNotOnMainThread" classname="com.symantec.feature.psl.GooglePurchaseTest" time="2.056" />
  <testcase name="test_purchaseQueryBillingServiceUnavailable" classname="com.symantec.feature.psl.GooglePurchaseTest" time="3.059" />
  <testcase name="test_purchaseQueryFailed" classname="com.symantec.feature.psl.GooglePurchaseTest" time="3.06" />
  <testcase name="test_purchaseQueryNotOnMainThread" classname="com.symantec.feature.psl.GooglePurchaseTest" time="3.059" />
  <testcase name="test_purchaseQueryVerifySignatureFailed" classname="com.symantec.feature.psl.GooglePurchaseTest" time="3.038" />
  <testcase name="test_purchaseSuccessConsumeBillingServiceUnavailable" classname="com.symantec.feature.psl.GooglePurchaseTest" time="4.091" />
  <testcase name="test_purchaseSuccessConsumeItemUnavailable" classname="com.symantec.feature.psl.GooglePurchaseTest" time="4.039" />
  <testcase name="test_purchaseSuccessConsumeNotOnMainThread" classname="com.symantec.feature.psl.GooglePurchaseTest" time="4.072" />
  <testcase name="test_purchaseSuccessConsumePurchaseDataInvalid" classname="com.symantec.feature.psl.GooglePurchaseTest" time="4.064" />
  <testcase name="test_purchaseSuccessXLSEntitlementNotExists" classname="com.symantec.feature.psl.GooglePurchaseTest" time="3.059" />
  <testcase name="test_purchaseSuccessXLSErrorCodeNull" classname="com.symantec.feature.psl.GooglePurchaseTest" time="3.043" />
  <testcase name="test_purchaseSuccessXLSInternalError" classname="com.symantec.feature.psl.GooglePurchaseTest" time="3.061" />
  <testcase name="test_purchaseSuccessXLSInvalidParams" classname="com.symantec.feature.psl.GooglePurchaseTest" time="3.06" />
  <testcase name="test_purchaseSuccessXLSInvalidPurchaseReceipt" classname="com.symantec.feature.psl.GooglePurchaseTest" time="3.059" />
  <testcase name="test_purchaseSuccessXLSInvalidSku" classname="com.symantec.feature.psl.GooglePurchaseTest" time="3.037" />
  <testcase name="test_purchaseSuccessXLSInvalidToken" classname="com.symantec.feature.psl.GooglePurchaseTest" time="3.061" />
  <testcase name="test_purchaseSuccessXLSInvalidUid" classname="com.symantec.feature.psl.GooglePurchaseTest" time="3.038" />
  <testcase name="test_purchaseSuccessXLSInvalidValidationFailed" classname="com.symantec.feature.psl.GooglePurchaseTest" time="3.062" />
  <testcase name="test_purchaseSuccessXLSResponseNull" classname="com.symantec.feature.psl.GooglePurchaseTest" time="3.062" />
  <testcase name="test_purchaseSuccessXLSRetryActRequest" classname="com.symantec.feature.psl.GooglePurchaseTest" time="3.063" />
  <testcase name="test_purchaseSunnyDay" classname="com.symantec.feature.psl.GooglePurchaseTest" time="4.066" />
  <testcase name="test_purchaseSunnyDayXLSAlreadySubmitted" classname="com.symantec.feature.psl.GooglePurchaseTest" time="4.038" />
  <testcase name="testAndroidTestCaseSetupProperly" classname="com.symantec.feature.psl.GooglePurchaseTest" time="0.025" />
  <testcase name="test_CanceledSeatFiringEveryDay" classname="com.symantec.feature.psl.LicenseNotificationHandlerTest" time="0.075" />
  <testcase name="test_CanceledSeatNotFiringMorethanOnceEveryDay" classname="com.symantec.feature.psl.LicenseNotificationHandlerTest" time="0.0" />
  <testcase name="test_CanceledSubscriptionFiringEveryDay" classname="com.symantec.feature.psl.LicenseNotificationHandlerTest" time="0.0" />
  <testcase name="test_CanceledSubscriptionNotFiringMorethanOnceEveryDay" classname="com.symantec.feature.psl.LicenseNotificationHandlerTest" time="0.0" />
  <testcase name="test_ExpiredLicenseOnNonNotifyDays" classname="com.symantec.feature.psl.LicenseNotificationHandlerTest" time="0.0" />
  <testcase name="test_ExpiredLicenseOnNotifyDaysAnd30Days" classname="com.symantec.feature.psl.LicenseNotificationHandlerTest" time="0.026" />
  <testcase name="test_ExpiredLicenseOnNotifyDaysAnd30DaysSuppressSubscriptionWarning" classname="com.symantec.feature.psl.LicenseNotificationHandlerTest" time="0.0" />
  <testcase name="test_ExpiredProvisionalLicenseOnNotifyDaysAnd30Days" classname="com.symantec.feature.psl.LicenseNotificationHandlerTest" time="0.025" />
  <testcase name="test_ExpiredProvisionalLicenseOnNotifyDaysAnd30DaysSuppressSubscriptionWarning" classname="com.symantec.feature.psl.LicenseNotificationHandlerTest" time="0.0" />
  <testcase name="test_ExpiringPremiumLicenseOnNonNotifyDays" classname="com.symantec.feature.psl.LicenseNotificationHandlerTest" time="0.0" />
  <testcase name="test_ExpiringPremiumLicenseOnNonNotifyDaysSuppressWarning" classname="com.symantec.feature.psl.LicenseNotificationHandlerTest" time="0.0" />
  <testcase name="test_ExpiringPremiumLicenseOnNotifyDays" classname="com.symantec.feature.psl.LicenseNotificationHandlerTest" time="0.0" />
  <testcase name="test_ExpiringPremiumLicenseOnNotifyDaysSuppressWarning" classname="com.symantec.feature.psl.LicenseNotificationHandlerTest" time="0.025" />
  <testcase name="test_ExpiringPremiumProvisionalLicenseOnNotifyDays" classname="com.symantec.feature.psl.LicenseNotificationHandlerTest" time="0.0" />
  <testcase name="test_ExpiringProvisionalLicenseOnNonNotifyDays" classname="com.symantec.feature.psl.LicenseNotificationHandlerTest" time="0.0" />
  <testcase name="test_ExpiringTrialLicenseOnNonNotifyDays" classname="com.symantec.feature.psl.LicenseNotificationHandlerTest" time="0.0" />
  <testcase name="test_ExpiringTrialLicenseOnNotifyDays" classname="com.symantec.feature.psl.LicenseNotificationHandlerTest" time="0.0" />
  <testcase name="test_FreemiumNotFiringAtAll" classname="com.symantec.feature.psl.LicenseNotificationHandlerTest" time="0.0" />
  <testcase name="test_FreshInstalledNotFiringAtAll" classname="com.symantec.feature.psl.LicenseNotificationHandlerTest" time="0.0" />
  <testcase name="test_PerpetualPremiumExpiredNotFiringAtAll" classname="com.symantec.feature.psl.LicenseNotificationHandlerTest" time="0.0" />
  <testcase name="test_PerpetualPremiumUnExpiredNotFiringAtAll" classname="com.symantec.feature.psl.LicenseNotificationHandlerTest" time="0.0" />
  <testcase name="test_SyncLicenseFiringEveryDay" classname="com.symantec.feature.psl.LicenseNotificationHandlerTest" time="0.0" />
  <testcase name="test_SyncLicenseNotFiringMorethanOnceEveryDay" classname="com.symantec.feature.psl.LicenseNotificationHandlerTest" time="0.0" />
  <testcase name="testAndroidTestCaseSetupProperly" classname="com.symantec.feature.psl.LicenseNotificationHandlerTest" time="0.0" />
  <testcase name="test_getFeatureStatus" classname="com.symantec.feature.psl.LoggingConfigTest" time="0.0" />
  <testcase name="testAndroidTestCaseSetupProperly" classname="com.symantec.feature.psl.LoggingConfigTest" time="0.025" />
  <testcase name="test_shouldLoadRemoteCommand" classname="com.symantec.feature.psl.ManagementConfigTest" time="0.0" />
  <testcase name="test_shouldReportEvent" classname="com.symantec.feature.psl.ManagementConfigTest" time="0.0" />
  <testcase name="test_shouldReportState" classname="com.symantec.feature.psl.ManagementConfigTest" time="0.0" />
  <testcase name="testAndroidTestCaseSetupProperly" classname="com.symantec.feature.psl.ManagementConfigTest" time="0.0" />
  <testcase name="test_handledPackageChangedCalledMoreThanOnce" classname="com.symantec.feature.psl.MigratorTest" time="0.026" />
  <testcase name="test_migrateAccountDataFromOldPreferences" classname="com.symantec.feature.psl.MigratorTest" time="0.025" />
  <testcase name="test_migrateAccountDataFromOldPreferencesLoggedInUser1" classname="com.symantec.feature.psl.MigratorTest" time="0.0" />
  <testcase name="test_migrateAccountDataFromOldPreferencesLoggedInUser2" classname="com.symantec.feature.psl.MigratorTest" time="0.025" />
  <testcase name="test_migrateAccountDataFromOldPreferencesNotLoggedInUser" classname="com.symantec.feature.psl.MigratorTest" time="0.0" />
  <testcase name="test_migrateAccountDataWhenOldPrefsPresent" classname="com.symantec.feature.psl.MigratorTest" time="0.0" />
  <testcase name="test_migrateLegacyPolicyFromOldPreferences" classname="com.symantec.feature.psl.MigratorTest" time="0.0" />
  <testcase name="test_migrateLegacyPolicyWhenOldPrefsPresent" classname="com.symantec.feature.psl.MigratorTest" time="0.0" />
  <testcase name="test_upgradeNoPSN" classname="com.symantec.feature.psl.MigratorTest" time="0.05" />
  <testcase name="test_upgradePSNPresent" classname="com.symantec.feature.psl.MigratorTest" time="0.0" />
  <testcase name="testAndroidTestCaseSetupProperly" classname="com.symantec.feature.psl.MigratorTest" time="0.0" />
  <testcase name="test_Malt_licenseChange_event" classname="com.symantec.feature.psl.MorphHandlerTest" time="0.026" />
  <testcase name="test_O2_INTENT_ACTION_DEVICE_GETS_UNBOUND_by_logout_event" classname="com.symantec.feature.psl.MorphHandlerTest" time="0.0" />
  <testcase name="test_O2_INTENT_ACTION_DEVICE_GETS_UNBOUND_by_reset_data_event" classname="com.symantec.feature.psl.MorphHandlerTest" time="0.0" />
  <testcase name="test_O2_INTENT_ACTION_DEVICE_GETS_UNBOUND_by_user_event" classname="com.symantec.feature.psl.MorphHandlerTest" time="0.0" />
  <testcase name="test_morphCancelledLicense" classname="com.symantec.feature.psl.MorphHandlerTest" time="0.0" />
  <testcase name="test_morphExpiredLicense" classname="com.symantec.feature.psl.MorphHandlerTest" time="0.025" />
  <testcase name="test_not_morphCancelledLicense" classname="com.symantec.feature.psl.MorphHandlerTest" time="0.0" />
  <testcase name="test_not_morphExpiredLicense" classname="com.symantec.feature.psl.MorphHandlerTest" time="0.0" />
  <testcase name="test_premiumLicense" classname="com.symantec.feature.psl.MorphHandlerTest" time="0.0" />
  <testcase name="testAndroidTestCaseSetupProperly" classname="com.symantec.feature.psl.MorphHandlerTest" time="0.0" />
  <testcase name="testExpandVars" classname="com.symantec.feature.psl.PSLConfigLoaderTest" time="0.0" />
  <testcase name="testGet" classname="com.symantec.feature.psl.PSLConfigLoaderTest" time="0.0" />
  <testcase name="testGetDecryptConfigStreamFromAPK" classname="com.symantec.feature.psl.PSLConfigLoaderTest" time="0.276" />
  <testcase name="testLoadConfigFromLauncher" classname="com.symantec.feature.psl.PSLConfigLoaderTest" time="0.0" />
  <testcase name="testParseExternalCfg" classname="com.symantec.feature.psl.PSLConfigLoaderTest" time="0.026" />
  <testcase name="testParseOEMConfig" classname="com.symantec.feature.psl.PSLConfigLoaderTest" time="0.0" />
  <testcase name="testAndroidTestCaseSetupProperly" classname="com.symantec.feature.psl.PSLConfigLoaderTest" time="0.0" />
  <testcase name="test_Activation" classname="com.symantec.feature.psl.PSLElementUnitTest" time="30.544" />
  <testcase name="test_Activation_fail" classname="com.symantec.feature.psl.PSLElementUnitTest" time="0.025" />
  <testcase name="test_Identity" classname="com.symantec.feature.psl.PSLElementUnitTest" time="0.001" />
  <testcase name="test_Sync_fail" classname="com.symantec.feature.psl.PSLElementUnitTest" time="0.0" />
  <testcase name="test_UnifiedTrial" classname="com.symantec.feature.psl.PSLElementUnitTest" time="30.057" />
  <testcase name="test_UnifiedTrial_fail" classname="com.symantec.feature.psl.PSLElementUnitTest" time="0.025" />
  <testcase name="test_checkRenewStatus" classname="com.symantec.feature.psl.PSLElementUnitTest" time="0.0" />
  <testcase name="test_cleanup_action" classname="com.symantec.feature.psl.PSLElementUnitTest" time="0.025" />
  <testcase name="test_getActionFacts" classname="com.symantec.feature.psl.PSLElementUnitTest" time="0.025" />
  <testcase name="test_getAll_action_enter_partner_code_flow" classname="com.symantec.feature.psl.PSLElementUnitTest" time="0.0" />
  <testcase name="test_getAll_action_non_enter_partner_code_flow" classname="com.symantec.feature.psl.PSLElementUnitTest" time="0.026" />
  <testcase name="test_getUserId" classname="com.symantec.feature.psl.PSLElementUnitTest" time="0.0" />
  <testcase name="test_launchExternalPurchase" classname="com.symantec.feature.psl.PSLElementUnitTest" time="0.0" />
  <testcase name="test_launchExternalPurchase_fail" classname="com.symantec.feature.psl.PSLElementUnitTest" time="0.025" />
  <testcase name="test_setProperties_action" classname="com.symantec.feature.psl.PSLElementUnitTest" time="0.0" />
  <testcase name="test_sync" classname="com.symantec.feature.psl.PSLElementUnitTest" time="0.0" />
  <testcase name="test_unknown_action" classname="com.symantec.feature.psl.PSLElementUnitTest" time="0.025" />
  <testcase name="testAndroidTestCaseSetupProperly" classname="com.symantec.feature.psl.PSLElementUnitTest" time="0.0" />
  <testcase name="test_Malt_licenseChange_event" classname="com.symantec.feature.psl.PSLOxygenClientTest" time="0.0" />
  <testcase name="test_O2_INTENT_ACTION_DEVICE_GETS_BOUND_event" classname="com.symantec.feature.psl.PSLOxygenClientTest" time="0.0" />
  <testcase name="test_catalogLicense_active_license" classname="com.symantec.feature.psl.PSLOxygenClientTest" time="0.0" />
  <testcase name="test_catalogLicense_inactive_license" classname="com.symantec.feature.psl.PSLOxygenClientTest" time="0.0" />
  <testcase name="test_catalogProduct" classname="com.symantec.feature.psl.PSLOxygenClientTest" time="0.0" />
  <testcase name="test_handleLicenseChange" classname="com.symantec.feature.psl.PSLOxygenClientTest" time="0.0" />
  <testcase name="test_handleOxygenDeviceInitEvent" classname="com.symantec.feature.psl.PSLOxygenClientTest" time="0.0" />
  <testcase name="test_removeLicenseNode" classname="com.symantec.feature.psl.PSLOxygenClientTest" time="0.0" />
  <testcase name="test_uploadCCBlob" classname="com.symantec.feature.psl.PSLOxygenClientTest" time="0.0" />
  <testcase name="test_uploadInstallCountryCodeOnBind" classname="com.symantec.feature.psl.PSLOxygenClientTest" time="0.0" />
  <testcase name="test_uploadInstallCountryCodeOnUpgrade" classname="com.symantec.feature.psl.PSLOxygenClientTest" time="0.026" />
  <testcase name="testAndroidTestCaseSetupProperly" classname="com.symantec.feature.psl.PSLOxygenClientTest" time="0.0" />
  <testcase name="testAndroidTestCaseSetupProperly" classname="com.symantec.feature.psl.PSLTestCase" time="0.0" />
  <testcase name="test_getCountry_ConsecutiveCalls_DifferentInstances" classname="com.symantec.feature.psl.RegionLocatorTest" time="2.033" />
  <testcase name="test_getCountry_ConsecutiveCalls_OneInstance" classname="com.symantec.feature.psl.RegionLocatorTest" time="2.033" />
  <testcase name="test_getCountry_Default" classname="com.symantec.feature.psl.RegionLocatorTest" time="0.0" />
  <testcase name="test_getCountry_Ip" classname="com.symantec.feature.psl.RegionLocatorTest" time="0.0" />
  <testcase name="test_getCountry_Locale" classname="com.symantec.feature.psl.RegionLocatorTest" time="0.0" />
  <testcase name="test_getCountry_SharedPreference" classname="com.symantec.feature.psl.RegionLocatorTest" time="0.0" />
  <testcase name="test_getCountry_Sim" classname="com.symantec.feature.psl.RegionLocatorTest" time="0.0" />
  <testcase name="testAndroidTestCaseSetupProperly" classname="com.symantec.feature.psl.RegionLocatorTest" time="0.026" />
  <testcase name="test_getFeatureStatus" classname="com.symantec.feature.psl.SMSLockConfigTest" time="0.0" />
  <testcase name="testAndroidTestCaseSetupProperly" classname="com.symantec.feature.psl.SMSLockConfigTest" time="0.0" />
  <testcase name="testCCFlowFinishListener_success" classname="com.symantec.feature.psl.SilentUpgradeTest" time="2.033" />
  <testcase name="testCCFlowFinishListener_withNoUpgradeAction" classname="com.symantec.feature.psl.SilentUpgradeTest" time="4.041" />
  <testcase name="testCCFlowFinishListener_withUpgradeFailure" classname="com.symantec.feature.psl.SilentUpgradeTest" time="4.017" />
  <testcase name="testCCFlowFinishListener_withUpgradeFailureFailOverThenSyncSuccess" classname="com.symantec.feature.psl.SilentUpgradeTest" time="4.041" />
  <testcase name="testCCFlowFinishListener_withUpgradeFailureThenSyncFailure" classname="com.symantec.feature.psl.SilentUpgradeTest" time="3.037" />
  <testcase name="testSyncLicenseFailure" classname="com.symantec.feature.psl.SilentUpgradeTest" time="3.037" />
  <testcase name="testSyncLicenseSuccess" classname="com.symantec.feature.psl.SilentUpgradeTest" time="3.009" />
  <testcase name="testUpgradeAlreadyDone" classname="com.symantec.feature.psl.SilentUpgradeTest" time="0.0" />
  <testcase name="testUpgradeCallingOnMainThread" classname="com.symantec.feature.psl.SilentUpgradeTest" time="0.0" />
  <testcase name="testUpgradeMultipleCalled" classname="com.symantec.feature.psl.SilentUpgradeTest" time="0.0" />
  <testcase name="testUpgradeNoPSN" classname="com.symantec.feature.psl.SilentUpgradeTest" time="0.0" />
  <testcase name="testAndroidTestCaseSetupProperly" classname="com.symantec.feature.psl.SilentUpgradeTest" time="0.025" />
  <testcase name="testFreemiumUnifyTrial" classname="com.symantec.feature.psl.TestGetNortonFragment" time="0.026" />
  <testcase name="testNMSGPPremiumActive" classname="com.symantec.feature.psl.TestGetNortonFragment" time="0.075" />
  <testcase name="testNMSGPPremiumExpired" classname="com.symantec.feature.psl.TestGetNortonFragment" time="0.076" />
  <testcase name="testNMSGPTrialActive" classname="com.symantec.feature.psl.TestGetNortonFragment" time="0.075" />
  <testcase name="testNMSGPTrialExpired" classname="com.symantec.feature.psl.TestGetNortonFragment" time="0.05" />
  <testcase name="testNMSStandardPremiumActive" classname="com.symantec.feature.psl.TestGetNortonFragment" time="0.051" />
  <testcase name="testNMSStandardPremiumExpired" classname="com.symantec.feature.psl.TestGetNortonFragment" time="0.075" />
  <testcase name="testNMSStandardTrialActive" classname="com.symantec.feature.psl.TestGetNortonFragment" time="0.051" />
  <testcase name="testNMSStandardTrialExpired" classname="com.symantec.feature.psl.TestGetNortonFragment" time="0.05" />
  <testcase name="testNSPremiumActiveFromMobile" classname="com.symantec.feature.psl.TestGetNortonFragment" time="0.075" />
  <testcase name="testNSPremiumActiveFromPC" classname="com.symantec.feature.psl.TestGetNortonFragment" time="0.051" />
  <testcase name="testNSPremiumExpiredFromMobile" classname="com.symantec.feature.psl.TestGetNortonFragment" time="0.075" />
  <testcase name="testNSPremiumExpiredFromPC" classname="com.symantec.feature.psl.TestGetNortonFragment" time="0.05" />
  <testcase name="testUnifyTrialFromMobileActive" classname="com.symantec.feature.psl.TestGetNortonFragment" time="0.051" />
  <testcase name="testUnifyTrialFromMobileExpired" classname="com.symantec.feature.psl.TestGetNortonFragment" time="0.05" />
  <testcase name="testUnifyTrialFromPCActive" classname="com.symantec.feature.psl.TestGetNortonFragment" time="0.05" />
  <testcase name="testUnifyTrialFromPCExpired" classname="com.symantec.feature.psl.TestGetNortonFragment" time="0.051" />
  <testcase name="testEmptyLLTEmptyAccountAndGuid" classname="com.symantec.feature.psl.UpdaterTest" time="0.025" />
  <testcase name="testEmptyLLTNonEmptyAccount" classname="com.symantec.feature.psl.UpdaterTest" time="0.0" />
  <testcase name="testEmptyLLTNonEmptyAccountGUID" classname="com.symantec.feature.psl.UpdaterTest" time="0.0" />
  <testcase name="testNonEmptyLLT" classname="com.symantec.feature.psl.UpdaterTest" time="0.0" />
  <testcase name="testAndroidTestCaseSetupProperly" classname="com.symantec.feature.psl.UpdaterTest" time="0.0" />
  <testcase name="test_onCreateResultError" classname="com.symantec.feature.psl.UpsellDialogTest" time="0.051" />
  <testcase name="test_setDialogAndCCProperties" classname="com.symantec.feature.psl.UpsellDialogTest" time="0.075" />
  <testcase name="testFeatureOnOffBasedOnLOOnly" classname="com.symantec.feature.psl.WebProtectionConfigTest" time="0.0" />
  <testcase name="test_clearAllPolicy" classname="com.symantec.feature.psl.WebProtectionConfigTest" time="0.0" />
  <testcase name="test_clearProtectionPolicy" classname="com.symantec.feature.psl.WebProtectionConfigTest" time="0.025" />
  <testcase name="test_freshConfig" classname="com.symantec.feature.psl.WebProtectionConfigTest" time="0.0" />
  <testcase name="test_getFeatureStatus" classname="com.symantec.feature.psl.WebProtectionConfigTest" time="0.0" />
  <testcase name="test_handleStateChange_FeatureStatus" classname="com.symantec.feature.psl.WebProtectionConfigTest" time="0.026" />
  <testcase name="test_handleStateChange_FeatureStatus_Policy_Both" classname="com.symantec.feature.psl.WebProtectionConfigTest" time="0.0" />
  <testcase name="test_handleStateChange_Policy" classname="com.symantec.feature.psl.WebProtectionConfigTest" time="0.025" />
  <testcase name="test_protectionPolicy" classname="com.symantec.feature.psl.WebProtectionConfigTest" time="2.031" />
  <testcase name="testAndroidTestCaseSetupProperly" classname="com.symantec.feature.psl.WebProtectionConfigTest" time="0.026" />
</testsuite>